
*** Running vivado
    with args -log alchitry_top.vdi -applog -m64 -product Vivado -messageDb vivado.pb -mode batch -source alchitry_top.tcl -notrace



****** Vivado v2024.2 (64-bit)
  **** SW Build 5239630 on Fri Nov 08 22:35:27 MST 2024
  **** IP Build 5239520 on Sun Nov 10 16:12:51 MST 2024
  **** SharedData Build 5239561 on Fri Nov 08 14:39:27 MST 2024
  **** Start of session at: Tue Apr 15 20:06:27 2025
    ** Copyright 1986-2022 Xilinx, Inc. All Rights Reserved.
    ** Copyright 2022-2024 Advanced Micro Devices, Inc. All Rights Reserved.

source alchitry_top.tcl -notrace
Command: link_design -top alchitry_top -part xc7a35tftg256-1
Design is defaulting to srcset: sources_1
Design is defaulting to constrset: constrs_1
INFO: [Device 21-403] Loading part xc7a35tftg256-1
Netlist sorting complete. Time (s): cpu = 00:00:00 ; elapsed = 00:00:00.020 . Memory (MB): peak = 568.461 ; gain = 0.000
INFO: [Netlist 29-17] Analyzing 73 Unisim elements for replacement
INFO: [Netlist 29-28] Unisim Transformation completed in 0 CPU seconds
INFO: [Project 1-479] Netlist was created with Vivado 2024.2
INFO: [Project 1-570] Preparing netlist for logic optimization
Parsing XDC File [C:/Users/Giant/Desktop/fpga-game/build/constraint/alchitry.xdc]
INFO: [Timing 38-35] Done setting XDC timing constraints. [C:/Users/Giant/Desktop/fpga-game/build/constraint/alchitry.xdc:5]
get_clocks: Time (s): cpu = 00:00:11 ; elapsed = 00:00:12 . Memory (MB): peak = 1198.875 ; gain = 508.699
Finished Parsing XDC File [C:/Users/Giant/Desktop/fpga-game/build/constraint/alchitry.xdc]
Parsing XDC File [C:/Users/Giant/Desktop/fpga-game/build/constraint/au_props.xdc]
Finished Parsing XDC File [C:/Users/Giant/Desktop/fpga-game/build/constraint/au_props.xdc]
INFO: [Opt 31-138] Pushed 0 inverter(s) to 0 load pin(s).
Netlist sorting complete. Time (s): cpu = 00:00:00 ; elapsed = 00:00:00.001 . Memory (MB): peak = 1198.875 ; gain = 0.000
INFO: [Project 1-111] Unisim Transformation Summary:
No Unisim elements were transformed.

8 Infos, 0 Warnings, 0 Critical Warnings and 0 Errors encountered.
link_design completed successfully
link_design: Time (s): cpu = 00:00:18 ; elapsed = 00:00:21 . Memory (MB): peak = 1198.875 ; gain = 832.512
Command: opt_design
Attempting to get a license for feature 'Implementation' and/or device 'xc7a35t'
INFO: [Common 17-349] Got license for feature 'Implementation' and/or device 'xc7a35t'
Running DRC as a precondition to command opt_design

Starting DRC Task
INFO: [DRC 23-27] Running DRC with 2 threads
INFO: [Project 1-461] DRC finished with 0 Errors
INFO: [Project 1-462] Please refer to the DRC report (report_drc) for more information.

Time (s): cpu = 00:00:03 ; elapsed = 00:00:02 . Memory (MB): peak = 1212.367 ; gain = 13.492

Starting Cache Timing Information Task
INFO: [Timing 38-35] Done setting XDC timing constraints.
Ending Cache Timing Information Task | Checksum: 1f8492b98

Time (s): cpu = 00:00:01 ; elapsed = 00:00:00.155 . Memory (MB): peak = 1231.332 ; gain = 18.965

Starting Logic Optimization Task

Phase 1 Initialization

Phase 1.1 Core Generation And Design Setup
Phase 1.1 Core Generation And Design Setup | Checksum: 1f8492b98

Time (s): cpu = 00:00:00 ; elapsed = 00:00:00.004 . Memory (MB): peak = 1621.688 ; gain = 0.000

Phase 1.2 Setup Constraints And Sort Netlist
Phase 1.2 Setup Constraints And Sort Netlist | Checksum: 1f8492b98

Time (s): cpu = 00:00:00 ; elapsed = 00:00:00.011 . Memory (MB): peak = 1621.688 ; gain = 0.000
Phase 1 Initialization | Checksum: 1f8492b98

Time (s): cpu = 00:00:00 ; elapsed = 00:00:00.012 . Memory (MB): peak = 1621.688 ; gain = 0.000

Phase 2 Timer Update And Timing Data Collection

Phase 2.1 Timer Update
Phase 2.1 Timer Update | Checksum: 1f8492b98

Time (s): cpu = 00:00:00 ; elapsed = 00:00:00.115 . Memory (MB): peak = 1621.688 ; gain = 0.000

Phase 2.2 Timing Data Collection
Phase 2.2 Timing Data Collection | Checksum: 1f8492b98

Time (s): cpu = 00:00:00 ; elapsed = 00:00:00.131 . Memory (MB): peak = 1621.688 ; gain = 0.000
Phase 2 Timer Update And Timing Data Collection | Checksum: 1f8492b98

Time (s): cpu = 00:00:00 ; elapsed = 00:00:00.132 . Memory (MB): peak = 1621.688 ; gain = 0.000

Phase 3 Retarget
INFO: [Opt 31-1851] Number of loadless carry chains removed were: 0
INFO: [Opt 31-1834] Total Chains To Be Transformed Were: 0 AND Number of Transformed insts Created are: 0
INFO: [Opt 31-1566] Pulled 10 inverters resulting in an inversion of 40 pins
INFO: [Opt 31-138] Pushed 0 inverter(s) to 0 load pin(s).
INFO: [Opt 31-49] Retargeted 0 cell(s).
Phase 3 Retarget | Checksum: 199753180

Time (s): cpu = 00:00:00 ; elapsed = 00:00:00.201 . Memory (MB): peak = 1621.688 ; gain = 0.000
Retarget | Checksum: 199753180
INFO: [Opt 31-389] Phase Retarget created 0 cells and removed 10 cells

Phase 4 Constant propagation
INFO: [Opt 31-138] Pushed 0 inverter(s) to 0 load pin(s).
Phase 4 Constant propagation | Checksum: 1d7633d7a

Time (s): cpu = 00:00:00 ; elapsed = 00:00:00.225 . Memory (MB): peak = 1621.688 ; gain = 0.000
Constant propagation | Checksum: 1d7633d7a
INFO: [Opt 31-389] Phase Constant propagation created 0 cells and removed 0 cells

Phase 5 Sweep
INFO: [Constraints 18-11670] Building netlist checker database with flags, 0x8
Done building netlist checker database: Time (s): cpu = 00:00:00 ; elapsed = 00:00:00.001 . Memory (MB): peak = 1621.688 ; gain = 0.000
Phase 5 Sweep | Checksum: 25c72879c

Time (s): cpu = 00:00:00 ; elapsed = 00:00:00.260 . Memory (MB): peak = 1621.688 ; gain = 0.000
Sweep | Checksum: 25c72879c
INFO: [Opt 31-389] Phase Sweep created 0 cells and removed 0 cells

Phase 6 BUFG optimization
Phase 6 BUFG optimization | Checksum: 25c72879c

Time (s): cpu = 00:00:00 ; elapsed = 00:00:00.351 . Memory (MB): peak = 1621.688 ; gain = 0.000
BUFG optimization | Checksum: 25c72879c
INFO: [Opt 31-662] Phase BUFG optimization created 0 cells of which 0 are BUFGs and removed 0 cells.

Phase 7 Shift Register Optimization
INFO: [Opt 31-1064] SRL Remap converted 0 SRLs to 0 registers and converted 0 registers of register chains to 0 SRLs
Phase 7 Shift Register Optimization | Checksum: 25c72879c

Time (s): cpu = 00:00:00 ; elapsed = 00:00:00.358 . Memory (MB): peak = 1621.688 ; gain = 0.000
Shift Register Optimization | Checksum: 25c72879c
INFO: [Opt 31-389] Phase Shift Register Optimization created 0 cells and removed 0 cells

Phase 8 Post Processing Netlist
Phase 8 Post Processing Netlist | Checksum: 25c72879c

Time (s): cpu = 00:00:00 ; elapsed = 00:00:00.367 . Memory (MB): peak = 1621.688 ; gain = 0.000
Post Processing Netlist | Checksum: 25c72879c
INFO: [Opt 31-389] Phase Post Processing Netlist created 0 cells and removed 0 cells

Phase 9 Finalization

Phase 9.1 Finalizing Design Cores and Updating Shapes
Phase 9.1 Finalizing Design Cores and Updating Shapes | Checksum: 1c4a08960

Time (s): cpu = 00:00:00 ; elapsed = 00:00:00.417 . Memory (MB): peak = 1621.688 ; gain = 0.000

Phase 9.2 Verifying Netlist Connectivity

Starting Connectivity Check Task

Time (s): cpu = 00:00:00 ; elapsed = 00:00:00.017 . Memory (MB): peak = 1621.688 ; gain = 0.000
Phase 9.2 Verifying Netlist Connectivity | Checksum: 1c4a08960

Time (s): cpu = 00:00:00 ; elapsed = 00:00:00.435 . Memory (MB): peak = 1621.688 ; gain = 0.000
Phase 9 Finalization | Checksum: 1c4a08960

Time (s): cpu = 00:00:00 ; elapsed = 00:00:00.436 . Memory (MB): peak = 1621.688 ; gain = 0.000
Opt_design Change Summary
=========================


-------------------------------------------------------------------------------------------------------------------------
|  Phase                        |  #Cells created  |  #Cells Removed  |  #Constrained objects preventing optimizations  |
-------------------------------------------------------------------------------------------------------------------------
|  Retarget                     |               0  |              10  |                                              0  |
|  Constant propagation         |               0  |               0  |                                              0  |
|  Sweep                        |               0  |               0  |                                              0  |
|  BUFG optimization            |               0  |               0  |                                              0  |
|  Shift Register Optimization  |               0  |               0  |                                              0  |
|  Post Processing Netlist      |               0  |               0  |                                              0  |
-------------------------------------------------------------------------------------------------------------------------


Ending Logic Optimization Task | Checksum: 1c4a08960

Time (s): cpu = 00:00:00 ; elapsed = 00:00:00.439 . Memory (MB): peak = 1621.688 ; gain = 0.000

Starting Power Optimization Task
INFO: [Pwropt 34-132] Skipping clock gating for clocks with a period < 2.00 ns.
Ending Power Optimization Task | Checksum: 1c4a08960

Time (s): cpu = 00:00:00 ; elapsed = 00:00:00.050 . Memory (MB): peak = 1621.688 ; gain = 0.000

Starting Final Cleanup Task
Ending Final Cleanup Task | Checksum: 1c4a08960

Time (s): cpu = 00:00:00 ; elapsed = 00:00:00.001 . Memory (MB): peak = 1621.688 ; gain = 0.000

Starting Netlist Obfuscation Task
Netlist sorting complete. Time (s): cpu = 00:00:00 ; elapsed = 00:00:00 . Memory (MB): peak = 1621.688 ; gain = 0.000
Ending Netlist Obfuscation Task | Checksum: 1c4a08960

Time (s): cpu = 00:00:00 ; elapsed = 00:00:00.001 . Memory (MB): peak = 1621.688 ; gain = 0.000
INFO: [Common 17-83] Releasing license: Implementation
29 Infos, 0 Warnings, 0 Critical Warnings and 0 Errors encountered.
opt_design completed successfully
opt_design: Time (s): cpu = 00:00:10 ; elapsed = 00:00:09 . Memory (MB): peak = 1621.688 ; gain = 422.812
INFO: [Vivado 12-24828] Executing command : report_drc -file alchitry_top_drc_opted.rpt -pb alchitry_top_drc_opted.pb -rpx alchitry_top_drc_opted.rpx
Command: report_drc -file alchitry_top_drc_opted.rpt -pb alchitry_top_drc_opted.pb -rpx alchitry_top_drc_opted.rpx
INFO: [IP_Flow 19-234] Refreshing IP repositories
INFO: [IP_Flow 19-1704] No user IP repositories specified
INFO: [IP_Flow 19-2313] Loaded Vivado IP repository 'C:/Xilinx/Vivado/2024.2/data/ip'.
INFO: [DRC 23-27] Running DRC with 2 threads
INFO: [Vivado_Tcl 2-168] The results of DRC are in file C:/Users/Giant/Desktop/fpga-game/build/vivado/1D_Project.runs/impl_1/alchitry_top_drc_opted.rpt.
report_drc completed successfully
INFO: [Timing 38-480] Writing timing data to binary archive.
Write ShapeDB Complete: Time (s): cpu = 00:00:00 ; elapsed = 00:00:00.008 . Memory (MB): peak = 1621.688 ; gain = 0.000
Wrote PlaceDB: Time (s): cpu = 00:00:00 ; elapsed = 00:00:00.010 . Memory (MB): peak = 1621.688 ; gain = 0.000
Wrote PulsedLatchDB: Time (s): cpu = 00:00:00 ; elapsed = 00:00:00 . Memory (MB): peak = 1621.688 ; gain = 0.000
Writing XDEF routing.
Writing XDEF routing logical nets.
Writing XDEF routing special nets.
Wrote RouteStorage: Time (s): cpu = 00:00:00 ; elapsed = 00:00:00.044 . Memory (MB): peak = 1621.688 ; gain = 0.000
Wrote Netlist Cache: Time (s): cpu = 00:00:00 ; elapsed = 00:00:00.001 . Memory (MB): peak = 1621.688 ; gain = 0.000
Wrote Device Cache: Time (s): cpu = 00:00:00 ; elapsed = 00:00:00.019 . Memory (MB): peak = 1621.688 ; gain = 0.000
Write Physdb Complete: Time (s): cpu = 00:00:01 ; elapsed = 00:00:00.092 . Memory (MB): peak = 1621.688 ; gain = 0.000
INFO: [Common 17-1381] The checkpoint 'C:/Users/Giant/Desktop/fpga-game/build/vivado/1D_Project.runs/impl_1/alchitry_top_opt.dcp' has been generated.
Command: place_design
Attempting to get a license for feature 'Implementation' and/or device 'xc7a35t'
INFO: [Common 17-349] Got license for feature 'Implementation' and/or device 'xc7a35t'
INFO: [Common 17-83] Releasing license: Implementation
INFO: [DRC 23-27] Running DRC with 2 threads
INFO: [Vivado_Tcl 4-198] DRC finished with 0 Errors
INFO: [Vivado_Tcl 4-199] Please refer to the DRC report (report_drc) for more information.
Running DRC as a precondition to command place_design
INFO: [DRC 23-27] Running DRC with 2 threads
INFO: [Vivado_Tcl 4-198] DRC finished with 0 Errors
INFO: [Vivado_Tcl 4-199] Please refer to the DRC report (report_drc) for more information.
INFO: [Place 30-611] Multithreading enabled for place_design using a maximum of 2 CPUs

Starting Placer Task

Phase 1 Placer Initialization

Phase 1.1 Placer Initialization Netlist Sorting
Netlist sorting complete. Time (s): cpu = 00:00:00 ; elapsed = 00:00:00.001 . Memory (MB): peak = 1621.688 ; gain = 0.000
Phase 1.1 Placer Initialization Netlist Sorting | Checksum: 1b2abd324

Time (s): cpu = 00:00:00 ; elapsed = 00:00:00.014 . Memory (MB): peak = 1621.688 ; gain = 0.000
Netlist sorting complete. Time (s): cpu = 00:00:00 ; elapsed = 00:00:00 . Memory (MB): peak = 1621.688 ; gain = 0.000

Phase 1.2 IO Placement/ Clock Placement/ Build Placer Device
INFO: [Timing 38-35] Done setting XDC timing constraints.
Phase 1.2 IO Placement/ Clock Placement/ Build Placer Device | Checksum: 17553aa9f

Time (s): cpu = 00:00:00 ; elapsed = 00:00:00.639 . Memory (MB): peak = 1621.688 ; gain = 0.000

Phase 1.3 Build Placer Netlist Model
Phase 1.3 Build Placer Netlist Model | Checksum: 23f7e7b63

Time (s): cpu = 00:00:01 ; elapsed = 00:00:01 . Memory (MB): peak = 1621.688 ; gain = 0.000

Phase 1.4 Constrain Clocks/Macros
Phase 1.4 Constrain Clocks/Macros | Checksum: 23f7e7b63

Time (s): cpu = 00:00:01 ; elapsed = 00:00:01 . Memory (MB): peak = 1621.688 ; gain = 0.000
Phase 1 Placer Initialization | Checksum: 23f7e7b63

Time (s): cpu = 00:00:01 ; elapsed = 00:00:01 . Memory (MB): peak = 1621.688 ; gain = 0.000

Phase 2 Global Placement

Phase 2.1 Floorplanning
Phase 2.1 Floorplanning | Checksum: 21952886a

Time (s): cpu = 00:00:02 ; elapsed = 00:00:02 . Memory (MB): peak = 1621.688 ; gain = 0.000

Phase 2.2 Update Timing before SLR Path Opt
Phase 2.2 Update Timing before SLR Path Opt | Checksum: 1a72296e0

Time (s): cpu = 00:00:02 ; elapsed = 00:00:02 . Memory (MB): peak = 1621.688 ; gain = 0.000

Phase 2.3 Post-Processing in Floorplanning
Phase 2.3 Post-Processing in Floorplanning | Checksum: 1a72296e0

Time (s): cpu = 00:00:02 ; elapsed = 00:00:02 . Memory (MB): peak = 1621.688 ; gain = 0.000

Phase 2.4 Global Place Phase1
Phase 2.4 Global Place Phase1 | Checksum: 2143b19c7

Time (s): cpu = 00:00:13 ; elapsed = 00:00:10 . Memory (MB): peak = 1621.688 ; gain = 0.000

Phase 2.5 Global Place Phase2

Phase 2.5.1 UpdateTiming Before Physical Synthesis
Phase 2.5.1 UpdateTiming Before Physical Synthesis | Checksum: 1e70c9af8

Time (s): cpu = 00:00:13 ; elapsed = 00:00:10 . Memory (MB): peak = 1621.688 ; gain = 0.000

Phase 2.5.2 Physical Synthesis In Placer
INFO: [Physopt 32-1035] Found 13 LUTNM shape to break, 6 LUT instances to create LUTNM shape
INFO: [Physopt 32-1044] Break lutnm for timing: one critical 0, two critical 13, total 13, new lutff created 0
INFO: [Physopt 32-1138] End 1 Pass. Optimized 16 nets or LUTs. Breaked 13 LUTs, combined 3 existing LUTs and moved 0 existing LUT
INFO: [Physopt 32-65] No nets found for high-fanout optimization.
INFO: [Physopt 32-232] Optimized 0 net. Created 0 new instance.
INFO: [Physopt 32-775] End 1 Pass. Optimized 0 net or cell. Created 0 new cell, deleted 0 existing cell and moved 0 existing cell
INFO: [Physopt 32-456] No candidate cells for DSP register optimization found in the design.
INFO: [Physopt 32-775] End 2 Pass. Optimized 0 net or cell. Created 0 new cell, deleted 0 existing cell and moved 0 existing cell
INFO: [Physopt 32-1123] No candidate cells found for Shift Register to Pipeline optimization
INFO: [Physopt 32-775] End 2 Pass. Optimized 0 net or cell. Created 0 new cell, deleted 0 existing cell and moved 0 existing cell
INFO: [Physopt 32-1401] No candidate cells found for Shift Register optimization.
INFO: [Physopt 32-677] No candidate cells for Shift Register optimization found in the design
INFO: [Physopt 32-775] End 1 Pass. Optimized 0 net or cell. Created 0 new cell, deleted 0 existing cell and moved 0 existing cell
INFO: [Physopt 32-526] No candidate cells for BRAM register optimization found in the design
INFO: [Physopt 32-775] End 1 Pass. Optimized 0 net or cell. Created 0 new cell, deleted 0 existing cell and moved 0 existing cell
INFO: [Physopt 32-846] No candidate cells for URAM register optimization found in the design
INFO: [Physopt 32-775] End 1 Pass. Optimized 0 net or cell. Created 0 new cell, deleted 0 existing cell and moved 0 existing cell
INFO: [Physopt 32-846] No candidate cells for URAM register optimization found in the design
INFO: [Physopt 32-775] End 1 Pass. Optimized 0 net or cell. Created 0 new cell, deleted 0 existing cell and moved 0 existing cell
INFO: [Physopt 32-949] No candidate nets found for dynamic/static region interface net replication
INFO: [Physopt 32-775] End 1 Pass. Optimized 0 net or cell. Created 0 new cell, deleted 0 existing cell and moved 0 existing cell
Netlist sorting complete. Time (s): cpu = 00:00:00 ; elapsed = 00:00:00 . Memory (MB): peak = 1621.688 ; gain = 0.000

Summary of Physical Synthesis Optimizations
============================================


-----------------------------------------------------------------------------------------------------------------------------------------------------------
|  Optimization                                     |  Added Cells  |  Removed Cells  |  Optimized Cells/Nets  |  Dont Touch  |  Iterations  |  Elapsed   |
-----------------------------------------------------------------------------------------------------------------------------------------------------------
|  LUT Combining                                    |           13  |              3  |                    16  |           0  |           1  |  00:00:00  |
|  Retime                                           |            0  |              0  |                     0  |           0  |           1  |  00:00:00  |
|  Very High Fanout                                 |            0  |              0  |                     0  |           0  |           1  |  00:00:00  |
|  DSP Register                                     |            0  |              0  |                     0  |           0  |           1  |  00:00:00  |
|  Shift Register to Pipeline                       |            0  |              0  |                     0  |           0  |           1  |  00:00:00  |
|  Shift Register                                   |            0  |              0  |                     0  |           0  |           1  |  00:00:00  |
|  BRAM Register                                    |            0  |              0  |                     0  |           0  |           1  |  00:00:00  |
|  URAM Register                                    |            0  |              0  |                     0  |           0  |           1  |  00:00:00  |
|  Dynamic/Static Region Interface Net Replication  |            0  |              0  |                     0  |           0  |           1  |  00:00:00  |
|  Total                                            |           13  |              3  |                    16  |           0  |           9  |  00:00:00  |
-----------------------------------------------------------------------------------------------------------------------------------------------------------


Phase 2.5.2 Physical Synthesis In Placer | Checksum: 276396b47

Time (s): cpu = 00:00:13 ; elapsed = 00:00:10 . Memory (MB): peak = 1621.688 ; gain = 0.000
Phase 2.5 Global Place Phase2 | Checksum: 2354f39d6

Time (s): cpu = 00:00:13 ; elapsed = 00:00:11 . Memory (MB): peak = 1621.688 ; gain = 0.000
Phase 2 Global Placement | Checksum: 2354f39d6

Time (s): cpu = 00:00:14 ; elapsed = 00:00:11 . Memory (MB): peak = 1621.688 ; gain = 0.000

Phase 3 Detail Placement

Phase 3.1 Commit Multi Column Macros
Phase 3.1 Commit Multi Column Macros | Checksum: 2952049fc

Time (s): cpu = 00:00:14 ; elapsed = 00:00:11 . Memory (MB): peak = 1621.688 ; gain = 0.000

Phase 3.2 Commit Most Macros & LUTRAMs
Phase 3.2 Commit Most Macros & LUTRAMs | Checksum: 2a2a8be84

Time (s): cpu = 00:00:14 ; elapsed = 00:00:11 . Memory (MB): peak = 1621.688 ; gain = 0.000

Phase 3.3 Area Swap Optimization
Phase 3.3 Area Swap Optimization | Checksum: 22093f61b

Time (s): cpu = 00:00:14 ; elapsed = 00:00:11 . Memory (MB): peak = 1621.688 ; gain = 0.000

Phase 3.4 Pipeline Register Optimization
Phase 3.4 Pipeline Register Optimization | Checksum: 296c73162

Time (s): cpu = 00:00:14 ; elapsed = 00:00:12 . Memory (MB): peak = 1621.688 ; gain = 0.000

Phase 3.5 Fast Optimization
Phase 3.5 Fast Optimization | Checksum: 2b74d2dbb

Time (s): cpu = 00:00:18 ; elapsed = 00:00:16 . Memory (MB): peak = 1621.688 ; gain = 0.000

Phase 3.6 Small Shape Detail Placement
Phase 3.6 Small Shape Detail Placement | Checksum: 1f4aece9d

Time (s): cpu = 00:00:20 ; elapsed = 00:00:18 . Memory (MB): peak = 1621.688 ; gain = 0.000

Phase 3.7 Re-assign LUT pins
Phase 3.7 Re-assign LUT pins | Checksum: 28479c136

Time (s): cpu = 00:00:20 ; elapsed = 00:00:18 . Memory (MB): peak = 1621.688 ; gain = 0.000

Phase 3.8 Pipeline Register Optimization
Phase 3.8 Pipeline Register Optimization | Checksum: 31840d43c

Time (s): cpu = 00:00:20 ; elapsed = 00:00:18 . Memory (MB): peak = 1621.688 ; gain = 0.000

Phase 3.9 Fast Optimization
Phase 3.9 Fast Optimization | Checksum: 243fbebc0

Time (s): cpu = 00:00:33 ; elapsed = 00:00:32 . Memory (MB): peak = 1621.688 ; gain = 0.000
Phase 3 Detail Placement | Checksum: 243fbebc0

Time (s): cpu = 00:00:33 ; elapsed = 00:00:32 . Memory (MB): peak = 1621.688 ; gain = 0.000

Phase 4 Post Placement Optimization and Clean-Up

Phase 4.1 Post Commit Optimization
INFO: [Timing 38-35] Done setting XDC timing constraints.

Phase 4.1.1 Post Placement Optimization
Post Placement Optimization Initialization | Checksum: 24ef2ddb8

Phase 4.1.1.1 BUFG Insertion

Starting Physical Synthesis Task

Phase 1 Physical Synthesis Initialization
INFO: [Physopt 32-721] Multithreading enabled for phys_opt_design using a maximum of 2 CPUs
INFO: [Physopt 32-619] Estimated Timing Summary | WNS=-5.838 | TNS=-1506.183 |
Phase 1 Physical Synthesis Initialization | Checksum: 158109018

Time (s): cpu = 00:00:00 ; elapsed = 00:00:00.113 . Memory (MB): peak = 1635.043 ; gain = 0.000
INFO: [Place 46-56] BUFG insertion identified 0 candidate nets. Inserted BUFG: 0, Replicated BUFG Driver: 0, Skipped due to Placement/Routing Conflicts: 0, Skipped due to Timing Degradation: 0, Skipped due to netlist editing failed: 0.
Ending Physical Synthesis Task | Checksum: 19cd86a85

Time (s): cpu = 00:00:00 ; elapsed = 00:00:00.130 . Memory (MB): peak = 1635.043 ; gain = 0.000
Phase 4.1.1.1 BUFG Insertion | Checksum: 24ef2ddb8

Time (s): cpu = 00:00:34 ; elapsed = 00:00:33 . Memory (MB): peak = 1635.043 ; gain = 13.355

Phase 4.1.1.2 Post Placement Timing Optimization
INFO: [Place 30-746] Post Placement Timing Summary WNS=-4.891. For the most accurate timing information please run report_timing.
Phase 4.1.1.2 Post Placement Timing Optimization | Checksum: 22a1914e2

Time (s): cpu = 00:01:03 ; elapsed = 00:01:01 . Memory (MB): peak = 1635.043 ; gain = 13.355

Time (s): cpu = 00:01:03 ; elapsed = 00:01:01 . Memory (MB): peak = 1635.043 ; gain = 13.355
Phase 4.1 Post Commit Optimization | Checksum: 22a1914e2

Time (s): cpu = 00:01:03 ; elapsed = 00:01:01 . Memory (MB): peak = 1635.043 ; gain = 13.355

Phase 4.2 Post Placement Cleanup
Phase 4.2 Post Placement Cleanup | Checksum: 22a1914e2

Time (s): cpu = 00:01:03 ; elapsed = 00:01:01 . Memory (MB): peak = 1635.043 ; gain = 13.355

Phase 4.3 Placer Reporting

Phase 4.3.1 Print Estimated Congestion
INFO: [Place 30-612] Post-Placement Estimated Congestion 
 ____________________________________________________
|           | Global Congestion | Short Congestion  |
| Direction | Region Size       | Region Size       |
|___________|___________________|___________________|
|      North|                1x1|                4x4|
|___________|___________________|___________________|
|      South|                1x1|                1x1|
|___________|___________________|___________________|
|       East|                1x1|                1x1|
|___________|___________________|___________________|
|       West|                1x1|                1x1|
|___________|___________________|___________________|

Phase 4.3.1 Print Estimated Congestion | Checksum: 22a1914e2

Time (s): cpu = 00:01:03 ; elapsed = 00:01:01 . Memory (MB): peak = 1635.043 ; gain = 13.355
Phase 4.3 Placer Reporting | Checksum: 22a1914e2

Time (s): cpu = 00:01:03 ; elapsed = 00:01:01 . Memory (MB): peak = 1635.043 ; gain = 13.355

Phase 4.4 Final Placement Cleanup
Netlist sorting complete. Time (s): cpu = 00:00:00 ; elapsed = 00:00:00.001 . Memory (MB): peak = 1635.043 ; gain = 0.000

Time (s): cpu = 00:01:03 ; elapsed = 00:01:01 . Memory (MB): peak = 1635.043 ; gain = 13.355
Phase 4 Post Placement Optimization and Clean-Up | Checksum: 1ddca8b6c

Time (s): cpu = 00:01:03 ; elapsed = 00:01:01 . Memory (MB): peak = 1635.043 ; gain = 13.355
Ending Placer Task | Checksum: 1c8b8a7ed

Time (s): cpu = 00:01:03 ; elapsed = 00:01:01 . Memory (MB): peak = 1635.043 ; gain = 13.355
74 Infos, 0 Warnings, 0 Critical Warnings and 0 Errors encountered.
place_design completed successfully
place_design: Time (s): cpu = 00:01:08 ; elapsed = 00:01:04 . Memory (MB): peak = 1635.043 ; gain = 13.355
INFO: [Vivado 12-24838] Running report commands "report_control_sets, report_io, report_utilization" in parallel.
Running report generation with 2 threads.
INFO: [Vivado 12-24828] Executing command : report_utilization -file alchitry_top_utilization_placed.rpt -pb alchitry_top_utilization_placed.pb
INFO: [Vivado 12-24828] Executing command : report_control_sets -verbose -file alchitry_top_control_sets_placed.rpt
report_control_sets: Time (s): cpu = 00:00:00 ; elapsed = 00:00:00.007 . Memory (MB): peak = 1635.043 ; gain = 0.000
INFO: [Vivado 12-24828] Executing command : report_io -file alchitry_top_io_placed.rpt
report_io: Time (s): cpu = 00:00:00 ; elapsed = 00:00:00.110 . Memory (MB): peak = 1635.043 ; gain = 0.000
INFO: [Timing 38-480] Writing timing data to binary archive.
Write ShapeDB Complete: Time (s): cpu = 00:00:00 ; elapsed = 00:00:00.007 . Memory (MB): peak = 1636.219 ; gain = 0.039
Wrote PlaceDB: Time (s): cpu = 00:00:01 ; elapsed = 00:00:00.228 . Memory (MB): peak = 1636.219 ; gain = 0.000
Wrote PulsedLatchDB: Time (s): cpu = 00:00:00 ; elapsed = 00:00:00 . Memory (MB): peak = 1636.219 ; gain = 0.000
Writing XDEF routing.
Writing XDEF routing logical nets.
Writing XDEF routing special nets.
Wrote RouteStorage: Time (s): cpu = 00:00:00 ; elapsed = 00:00:00.036 . Memory (MB): peak = 1636.219 ; gain = 0.000
Wrote Netlist Cache: Time (s): cpu = 00:00:00 ; elapsed = 00:00:00.004 . Memory (MB): peak = 1636.219 ; gain = 0.000
Wrote Device Cache: Time (s): cpu = 00:00:00 ; elapsed = 00:00:00.011 . Memory (MB): peak = 1636.219 ; gain = 0.000
Write Physdb Complete: Time (s): cpu = 00:00:01 ; elapsed = 00:00:00.310 . Memory (MB): peak = 1636.219 ; gain = 0.000
INFO: [Common 17-1381] The checkpoint 'C:/Users/Giant/Desktop/fpga-game/build/vivado/1D_Project.runs/impl_1/alchitry_top_placed.dcp' has been generated.
Command: phys_opt_design
Attempting to get a license for feature 'Implementation' and/or device 'xc7a35t'
INFO: [Common 17-349] Got license for feature 'Implementation' and/or device 'xc7a35t'

Starting Initial Update Timing Task

Time (s): cpu = 00:00:01 ; elapsed = 00:00:00.311 . Memory (MB): peak = 1636.219 ; gain = 0.000
INFO: [Vivado_Tcl 4-1435] PhysOpt_Tcl_Interface Runtime Before Starting Physical Synthesis Task | CPU: 1.00s |  WALL: 0.35s
Netlist sorting complete. Time (s): cpu = 00:00:00 ; elapsed = 00:00:00.001 . Memory (MB): peak = 1636.219 ; gain = 0.000

Starting Physical Synthesis Task

Phase 1 Physical Synthesis Initialization
INFO: [Physopt 32-721] Multithreading enabled for phys_opt_design using a maximum of 2 CPUs
INFO: [Physopt 32-619] Estimated Timing Summary | WNS=-4.891 | TNS=-1214.613 |
Phase 1 Physical Synthesis Initialization | Checksum: 1b463eba5

Time (s): cpu = 00:00:00 ; elapsed = 00:00:00.269 . Memory (MB): peak = 1636.219 ; gain = 0.000
INFO: [Physopt 32-619] Estimated Timing Summary | WNS=-4.891 | TNS=-1214.613 |

Phase 2 DSP Register Optimization
INFO: [Physopt 32-456] No candidate cells for DSP register optimization found in the design.
INFO: [Physopt 32-775] End 2 Pass. Optimized 0 net or cell. Created 0 new cell, deleted 0 existing cell and moved 0 existing cell
Phase 2 DSP Register Optimization | Checksum: 1b463eba5

Time (s): cpu = 00:00:00 ; elapsed = 00:00:00.281 . Memory (MB): peak = 1636.219 ; gain = 0.000

Phase 3 Critical Path Optimization
INFO: [Physopt 32-619] Estimated Timing Summary | WNS=-4.891 | TNS=-1214.613 |
INFO: [Physopt 32-663] Processed net game_datapath/game_regfiles/D_temp_var2_q[25].  Re-placed instance game_datapath/game_regfiles/D_temp_var2_q_reg[25]
INFO: [Physopt 32-735] Processed net game_datapath/game_regfiles/D_temp_var2_q[25]. Optimization improves timing on the net.
INFO: [Physopt 32-619] Estimated Timing Summary | WNS=-4.877 | TNS=-1214.531 |
INFO: [Physopt 32-702] Processed net game_datapath/game_regfiles/D_high_number_q[25]. Optimizations did not improve timing on the net.
INFO: [Physopt 32-81] Processed net game_datapath/game_cu/D_game_fsm_q[5]. Replicated 1 times.
INFO: [Physopt 32-735] Processed net game_datapath/game_cu/D_game_fsm_q[5]. Optimization improves timing on the net.
INFO: [Physopt 32-619] Estimated Timing Summary | WNS=-4.877 | TNS=-1214.531 |
INFO: [Physopt 32-702] Processed net game_datapath/game_cu/D_game_fsm_q[5]. Optimizations did not improve timing on the net.
INFO: [Physopt 32-710] Processed net game_datapath/game_cu/D[25]. Critical path length was reduced through logic transformation on cell game_datapath/game_cu/D_p1_score_q[25]_i_1_comp.
INFO: [Physopt 32-735] Processed net game_datapath/game_cu/D_p1_score_q[25]_i_2_n_0. Optimization improves timing on the net.
INFO: [Physopt 32-619] Estimated Timing Summary | WNS=-4.838 | TNS=-1206.223 |
INFO: [Physopt 32-663] Processed net game_datapath/game_regfiles/D_p2_button_press_q_reg_n_0_[30].  Re-placed instance game_datapath/game_regfiles/D_p2_button_press_q_reg[30]
INFO: [Physopt 32-735] Processed net game_datapath/game_regfiles/D_p2_button_press_q_reg_n_0_[30]. Optimization improves timing on the net.
INFO: [Physopt 32-619] Estimated Timing Summary | WNS=-4.838 | TNS=-1206.157 |
INFO: [Physopt 32-663] Processed net game_datapath/game_regfiles/D_temp_var1_q[30].  Re-placed instance game_datapath/game_regfiles/D_temp_var1_q_reg[30]
INFO: [Physopt 32-735] Processed net game_datapath/game_regfiles/D_temp_var1_q[30]. Optimization improves timing on the net.
INFO: [Physopt 32-619] Estimated Timing Summary | WNS=-4.818 | TNS=-1205.926 |
INFO: [Physopt 32-663] Processed net game_datapath/game_regfiles/D_p2_button_press_q_reg_n_0_[24].  Re-placed instance game_datapath/game_regfiles/D_p2_button_press_q_reg[24]
INFO: [Physopt 32-735] Processed net game_datapath/game_regfiles/D_p2_button_press_q_reg_n_0_[24]. Optimization improves timing on the net.
INFO: [Physopt 32-619] Estimated Timing Summary | WNS=-4.808 | TNS=-1205.879 |
INFO: [Physopt 32-702] Processed net game_datapath/game_regfiles/D_p1_score_q[24]. Optimizations did not improve timing on the net.
INFO: [Physopt 32-710] Processed net game_datapath/game_cu/D[24]. Critical path length was reduced through logic transformation on cell game_datapath/game_cu/D_p1_score_q[24]_i_1_comp.
INFO: [Physopt 32-735] Processed net game_datapath/game_cu/D_p1_score_q[24]_i_2_n_0. Optimization improves timing on the net.
INFO: [Physopt 32-619] Estimated Timing Summary | WNS=-4.782 | TNS=-1200.537 |
INFO: [Physopt 32-663] Processed net game_datapath/game_regfiles/D_p1_score_q[23].  Re-placed instance game_datapath/game_regfiles/D_p1_score_q_reg[23]
INFO: [Physopt 32-735] Processed net game_datapath/game_regfiles/D_p1_score_q[23]. Optimization improves timing on the net.
INFO: [Physopt 32-619] Estimated Timing Summary | WNS=-4.771 | TNS=-1200.315 |
INFO: [Physopt 32-663] Processed net game_datapath/game_regfiles/D_p2_button_press_q_reg_n_0_[30].  Re-placed instance game_datapath/game_regfiles/D_p2_button_press_q_reg[30]
INFO: [Physopt 32-735] Processed net game_datapath/game_regfiles/D_p2_button_press_q_reg_n_0_[30]. Optimization improves timing on the net.
INFO: [Physopt 32-619] Estimated Timing Summary | WNS=-4.753 | TNS=-1200.180 |
INFO: [Physopt 32-702] Processed net game_datapath/game_regfiles/D_high_number_q[31]. Optimizations did not improve timing on the net.
INFO: [Physopt 32-710] Processed net game_datapath/game_cu/D[31]. Critical path length was reduced through logic transformation on cell game_datapath/game_cu/D_p1_score_q[31]_i_2_comp.
INFO: [Physopt 32-735] Processed net game_datapath/game_cu/D_p1_score_q[31]_i_9_n_0. Optimization improves timing on the net.
INFO: [Physopt 32-619] Estimated Timing Summary | WNS=-4.706 | TNS=-1196.722 |
INFO: [Physopt 32-702] Processed net game_datapath/game_regfiles/D_display_q[30]. Optimizations did not improve timing on the net.
INFO: [Physopt 32-710] Processed net game_datapath/game_cu/D[30]. Critical path length was reduced through logic transformation on cell game_datapath/game_cu/D_p1_score_q[30]_i_1_comp.
INFO: [Physopt 32-735] Processed net game_datapath/game_cu/D_p1_score_q[30]_i_2_n_0. Optimization improves timing on the net.
INFO: [Physopt 32-619] Estimated Timing Summary | WNS=-4.672 | TNS=-1191.444 |
INFO: [Physopt 32-663] Processed net game_datapath/game_regfiles/D_temp_var3_q_reg_n_0_[23].  Re-placed instance game_datapath/game_regfiles/D_temp_var3_q_reg[23]
INFO: [Physopt 32-735] Processed net game_datapath/game_regfiles/D_temp_var3_q_reg_n_0_[23]. Optimization improves timing on the net.
INFO: [Physopt 32-619] Estimated Timing Summary | WNS=-4.657 | TNS=-1191.337 |
INFO: [Physopt 32-702] Processed net game_datapath/game_regfiles/D_high_number_q[27]. Optimizations did not improve timing on the net.
INFO: [Physopt 32-710] Processed net game_datapath/game_cu/D[27]. Critical path length was reduced through logic transformation on cell game_datapath/game_cu/D_p1_score_q[27]_i_1_comp.
INFO: [Physopt 32-735] Processed net game_datapath/game_cu/D_p1_score_q[27]_i_2_n_0. Optimization improves timing on the net.
INFO: [Physopt 32-619] Estimated Timing Summary | WNS=-4.657 | TNS=-1185.942 |
INFO: [Physopt 32-663] Processed net game_datapath/game_regfiles/D_temp_var1_q[20].  Re-placed instance game_datapath/game_regfiles/D_temp_var1_q_reg[20]
INFO: [Physopt 32-735] Processed net game_datapath/game_regfiles/D_temp_var1_q[20]. Optimization improves timing on the net.
INFO: [Physopt 32-619] Estimated Timing Summary | WNS=-4.626 | TNS=-1185.593 |
INFO: [Physopt 32-663] Processed net game_datapath/game_regfiles/D_p2_button_press_q_reg_n_0_[29].  Re-placed instance game_datapath/game_regfiles/D_p2_button_press_q_reg[29]
INFO: [Physopt 32-735] Processed net game_datapath/game_regfiles/D_p2_button_press_q_reg_n_0_[29]. Optimization improves timing on the net.
INFO: [Physopt 32-619] Estimated Timing Summary | WNS=-4.625 | TNS=-1185.487 |
INFO: [Physopt 32-663] Processed net game_datapath/game_regfiles/D_display_q[23].  Re-placed instance game_datapath/game_regfiles/D_display_q_reg[23]
INFO: [Physopt 32-735] Processed net game_datapath/game_regfiles/D_display_q[23]. Optimization improves timing on the net.
INFO: [Physopt 32-619] Estimated Timing Summary | WNS=-4.604 | TNS=-1185.407 |
INFO: [Physopt 32-663] Processed net game_datapath/game_regfiles/D_timer_q_reg_n_0_[29].  Re-placed instance game_datapath/game_regfiles/D_timer_q_reg[29]
INFO: [Physopt 32-735] Processed net game_datapath/game_regfiles/D_timer_q_reg_n_0_[29]. Optimization improves timing on the net.
INFO: [Physopt 32-619] Estimated Timing Summary | WNS=-4.603 | TNS=-1185.325 |
INFO: [Physopt 32-663] Processed net game_datapath/game_regfiles/D_temp_var3_q_reg_n_0_[28].  Re-placed instance game_datapath/game_regfiles/D_temp_var3_q_reg[28]
INFO: [Physopt 32-735] Processed net game_datapath/game_regfiles/D_temp_var3_q_reg_n_0_[28]. Optimization improves timing on the net.
INFO: [Physopt 32-619] Estimated Timing Summary | WNS=-4.601 | TNS=-1185.306 |
INFO: [Physopt 32-663] Processed net game_datapath/game_regfiles/D_p2_score_q[28].  Re-placed instance game_datapath/game_regfiles/D_p2_score_q_reg[28]
INFO: [Physopt 32-735] Processed net game_datapath/game_regfiles/D_p2_score_q[28]. Optimization improves timing on the net.
INFO: [Physopt 32-619] Estimated Timing Summary | WNS=-4.601 | TNS=-1185.269 |
INFO: [Physopt 32-702] Processed net game_datapath/game_regfiles/D_high_number_q[23]. Optimizations did not improve timing on the net.
INFO: [Physopt 32-710] Processed net game_datapath/game_cu/D[23]. Critical path length was reduced through logic transformation on cell game_datapath/game_cu/D_p1_score_q[23]_i_1_comp.
INFO: [Physopt 32-735] Processed net game_datapath/game_cu/D_p1_score_q[23]_i_2_n_0. Optimization improves timing on the net.
INFO: [Physopt 32-619] Estimated Timing Summary | WNS=-4.598 | TNS=-1177.728 |
INFO: [Physopt 32-663] Processed net game_datapath/game_regfiles/D_guess_number_q_reg[28]_0[16].  Re-placed instance game_datapath/game_regfiles/D_guess_number_q_reg[28]
INFO: [Physopt 32-735] Processed net game_datapath/game_regfiles/D_guess_number_q_reg[28]_0[16]. Optimization improves timing on the net.
INFO: [Physopt 32-619] Estimated Timing Summary | WNS=-4.592 | TNS=-1177.710 |
INFO: [Physopt 32-663] Processed net game_datapath/game_regfiles/D_display_timer_q_reg[31]_0[22].  Re-placed instance game_datapath/game_regfiles/D_display_timer_q_reg[22]
INFO: [Physopt 32-735] Processed net game_datapath/game_regfiles/D_display_timer_q_reg[31]_0[22]. Optimization improves timing on the net.
INFO: [Physopt 32-619] Estimated Timing Summary | WNS=-4.591 | TNS=-1177.537 |
INFO: [Physopt 32-663] Processed net game_datapath/game_regfiles/D_guess_number_q[29].  Re-placed instance game_datapath/game_regfiles/D_guess_number_q_reg[29]
INFO: [Physopt 32-735] Processed net game_datapath/game_regfiles/D_guess_number_q[29]. Optimization improves timing on the net.
INFO: [Physopt 32-619] Estimated Timing Summary | WNS=-4.584 | TNS=-1177.496 |
INFO: [Physopt 32-702] Processed net game_datapath/game_regfiles/D_temp_var3_q_reg_n_0_[28]. Optimizations did not improve timing on the net.
INFO: [Physopt 32-710] Processed net game_datapath/game_cu/D[28]. Critical path length was reduced through logic transformation on cell game_datapath/game_cu/D_p1_score_q[28]_i_1_comp.
INFO: [Physopt 32-735] Processed net game_datapath/game_cu/D_p1_score_q[28]_i_2_n_0. Optimization improves timing on the net.
INFO: [Physopt 32-619] Estimated Timing Summary | WNS=-4.575 | TNS=-1173.595 |
INFO: [Physopt 32-663] Processed net game_datapath/game_regfiles/D_high_number_q[29].  Re-placed instance game_datapath/game_regfiles/D_high_number_q_reg[29]
INFO: [Physopt 32-735] Processed net game_datapath/game_regfiles/D_high_number_q[29]. Optimization improves timing on the net.
INFO: [Physopt 32-619] Estimated Timing Summary | WNS=-4.575 | TNS=-1173.569 |
INFO: [Physopt 32-663] Processed net game_datapath/game_regfiles/D_p2_score_q[20].  Re-placed instance game_datapath/game_regfiles/D_p2_score_q_reg[20]
INFO: [Physopt 32-735] Processed net game_datapath/game_regfiles/D_p2_score_q[20]. Optimization improves timing on the net.
INFO: [Physopt 32-619] Estimated Timing Summary | WNS=-4.575 | TNS=-1173.473 |
INFO: [Physopt 32-702] Processed net game_datapath/game_regfiles/D_display_q[29]. Optimizations did not improve timing on the net.
INFO: [Physopt 32-710] Processed net game_datapath/game_cu/D[29]. Critical path length was reduced through logic transformation on cell game_datapath/game_cu/D_p1_score_q[29]_i_1_comp.
INFO: [Physopt 32-735] Processed net game_datapath/game_cu/D_p1_score_q[29]_i_2_n_0. Optimization improves timing on the net.
INFO: [Physopt 32-619] Estimated Timing Summary | WNS=-4.540 | TNS=-1168.351 |
INFO: [Physopt 32-663] Processed net game_datapath/game_regfiles/D_display_q[19].  Re-placed instance game_datapath/game_regfiles/D_display_q_reg[19]
INFO: [Physopt 32-735] Processed net game_datapath/game_regfiles/D_display_q[19]. Optimization improves timing on the net.
INFO: [Physopt 32-619] Estimated Timing Summary | WNS=-4.539 | TNS=-1168.108 |
INFO: [Physopt 32-663] Processed net game_datapath/game_regfiles/Q[11].  Re-placed instance game_datapath/game_regfiles/D_timer_q_reg[20]
INFO: [Physopt 32-735] Processed net game_datapath/game_regfiles/Q[11]. Optimization improves timing on the net.
INFO: [Physopt 32-619] Estimated Timing Summary | WNS=-4.538 | TNS=-1168.016 |
INFO: [Physopt 32-663] Processed net game_datapath/game_regfiles/D_p2_score_q[18].  Re-placed instance game_datapath/game_regfiles/D_p2_score_q_reg[18]
INFO: [Physopt 32-735] Processed net game_datapath/game_regfiles/D_p2_score_q[18]. Optimization improves timing on the net.
INFO: [Physopt 32-619] Estimated Timing Summary | WNS=-4.525 | TNS=-1167.866 |
INFO: [Physopt 32-663] Processed net game_datapath/game_regfiles/D_p1_score_q[20].  Re-placed instance game_datapath/game_regfiles/D_p1_score_q_reg[20]
INFO: [Physopt 32-735] Processed net game_datapath/game_regfiles/D_p1_score_q[20]. Optimization improves timing on the net.
INFO: [Physopt 32-619] Estimated Timing Summary | WNS=-4.524 | TNS=-1167.793 |
INFO: [Physopt 32-663] Processed net game_datapath/game_regfiles/D_display_timer_q_reg[31]_0[26].  Re-placed instance game_datapath/game_regfiles/D_display_timer_q_reg[26]
INFO: [Physopt 32-735] Processed net game_datapath/game_regfiles/D_display_timer_q_reg[31]_0[26]. Optimization improves timing on the net.
INFO: [Physopt 32-619] Estimated Timing Summary | WNS=-4.518 | TNS=-1167.458 |
INFO: [Physopt 32-663] Processed net game_datapath/game_regfiles/D_low_number_q[19].  Re-placed instance game_datapath/game_regfiles/D_low_number_q_reg[19]
INFO: [Physopt 32-735] Processed net game_datapath/game_regfiles/D_low_number_q[19]. Optimization improves timing on the net.
INFO: [Physopt 32-619] Estimated Timing Summary | WNS=-4.504 | TNS=-1167.215 |
INFO: [Physopt 32-663] Processed net game_datapath/game_regfiles/D_p1_button_press_q_reg_n_0_[19].  Re-placed instance game_datapath/game_regfiles/D_p1_button_press_q_reg[19]
INFO: [Physopt 32-735] Processed net game_datapath/game_regfiles/D_p1_button_press_q_reg_n_0_[19]. Optimization improves timing on the net.
INFO: [Physopt 32-619] Estimated Timing Summary | WNS=-4.503 | TNS=-1167.164 |
INFO: [Physopt 32-663] Processed net game_datapath/game_regfiles/D_high_number_q[19].  Re-placed instance game_datapath/game_regfiles/D_high_number_q_reg[19]
INFO: [Physopt 32-735] Processed net game_datapath/game_regfiles/D_high_number_q[19]. Optimization improves timing on the net.
INFO: [Physopt 32-619] Estimated Timing Summary | WNS=-4.496 | TNS=-1167.060 |
INFO: [Physopt 32-663] Processed net game_datapath/game_regfiles/D_temp_var2_q[20].  Re-placed instance game_datapath/game_regfiles/D_temp_var2_q_reg[20]
INFO: [Physopt 32-735] Processed net game_datapath/game_regfiles/D_temp_var2_q[20]. Optimization improves timing on the net.
INFO: [Physopt 32-619] Estimated Timing Summary | WNS=-4.495 | TNS=-1166.900 |
INFO: [Physopt 32-663] Processed net game_datapath/game_regfiles/D_p2_button_press_q_reg_n_0_[19].  Re-placed instance game_datapath/game_regfiles/D_p2_button_press_q_reg[19]
INFO: [Physopt 32-735] Processed net game_datapath/game_regfiles/D_p2_button_press_q_reg_n_0_[19]. Optimization improves timing on the net.
INFO: [Physopt 32-619] Estimated Timing Summary | WNS=-4.494 | TNS=-1166.813 |
INFO: [Physopt 32-663] Processed net game_datapath/game_regfiles/D_high_number_q[22].  Re-placed instance game_datapath/game_regfiles/D_high_number_q_reg[22]
INFO: [Physopt 32-735] Processed net game_datapath/game_regfiles/D_high_number_q[22]. Optimization improves timing on the net.
INFO: [Physopt 32-619] Estimated Timing Summary | WNS=-4.489 | TNS=-1166.712 |
INFO: [Physopt 32-663] Processed net game_datapath/game_regfiles/D_display_q[22].  Re-placed instance game_datapath/game_regfiles/D_display_q_reg[22]
INFO: [Physopt 32-735] Processed net game_datapath/game_regfiles/D_display_q[22]. Optimization improves timing on the net.
INFO: [Physopt 32-619] Estimated Timing Summary | WNS=-4.487 | TNS=-1166.582 |
INFO: [Physopt 32-702] Processed net game_datapath/game_alu/out_sig0__1_2[3]. Optimizations did not improve timing on the net.
INFO: [Physopt 32-702] Processed net game_datapath/game_alu/D_p1_score_q_reg[27]_i_4_n_0. Optimizations did not improve timing on the net.
INFO: [Physopt 32-702] Processed net game_datapath/game_alu/D_p1_score_q_reg[23]_i_4_n_0. Optimizations did not improve timing on the net.
INFO: [Physopt 32-608] Optimized 1 net.  Swapped 12 pins.
INFO: [Physopt 32-735] Processed net game_datapath/game_alu/D_p1_score_q[23]_i_13_n_0. Optimization improves timing on the net.
INFO: [Physopt 32-619] Estimated Timing Summary | WNS=-4.481 | TNS=-1165.542 |
INFO: [Physopt 32-663] Processed net game_datapath/game_regfiles/D_display_timer_q_reg[31]_0[20].  Re-placed instance game_datapath/game_regfiles/D_display_timer_q_reg[20]
INFO: [Physopt 32-735] Processed net game_datapath/game_regfiles/D_display_timer_q_reg[31]_0[20]. Optimization improves timing on the net.
INFO: [Physopt 32-619] Estimated Timing Summary | WNS=-4.481 | TNS=-1165.509 |
INFO: [Physopt 32-663] Processed net game_datapath/game_regfiles/D_p1_button_press_q_reg_n_0_[20].  Re-placed instance game_datapath/game_regfiles/D_p1_button_press_q_reg[20]
INFO: [Physopt 32-735] Processed net game_datapath/game_regfiles/D_p1_button_press_q_reg_n_0_[20]. Optimization improves timing on the net.
INFO: [Physopt 32-619] Estimated Timing Summary | WNS=-4.479 | TNS=-1165.484 |
INFO: [Physopt 32-663] Processed net game_datapath/game_regfiles/D_p2_button_press_q_reg_n_0_[21].  Re-placed instance game_datapath/game_regfiles/D_p2_button_press_q_reg[21]
INFO: [Physopt 32-735] Processed net game_datapath/game_regfiles/D_p2_button_press_q_reg_n_0_[21]. Optimization improves timing on the net.
INFO: [Physopt 32-619] Estimated Timing Summary | WNS=-4.477 | TNS=-1165.278 |
INFO: [Physopt 32-702] Processed net game_datapath/game_alu/D_p1_score_q_reg[19]_i_4_n_0. Optimizations did not improve timing on the net.
INFO: [Physopt 32-608] Optimized 1 net.  Swapped 11 pins.
INFO: [Physopt 32-735] Processed net game_datapath/game_alu/D_p1_score_q[19]_i_12_n_0. Optimization improves timing on the net.
INFO: [Physopt 32-619] Estimated Timing Summary | WNS=-4.370 | TNS=-1128.749 |
INFO: [Physopt 32-608] Optimized 1 net.  Swapped 11 pins.
INFO: [Physopt 32-735] Processed net game_datapath/game_alu/D_p1_score_q[27]_i_13_n_0. Optimization improves timing on the net.
INFO: [Physopt 32-619] Estimated Timing Summary | WNS=-4.360 | TNS=-1128.228 |
INFO: [Physopt 32-608] Optimized 1 net.  Swapped 12 pins.
INFO: [Physopt 32-735] Processed net game_datapath/game_alu/D_p1_score_q[23]_i_12_n_0. Optimization improves timing on the net.
INFO: [Physopt 32-619] Estimated Timing Summary | WNS=-4.206 | TNS=-1109.521 |
INFO: [Physopt 32-608] Optimized 1 net.  Swapped 12 pins.
INFO: [Physopt 32-735] Processed net game_datapath/game_alu/D_p1_score_q[23]_i_11_n_0. Optimization improves timing on the net.
INFO: [Physopt 32-619] Estimated Timing Summary | WNS=-4.198 | TNS=-1108.690 |
INFO: [Physopt 32-702] Processed net game_datapath/game_alu/D_p1_score_q[23]_i_13_n_0. Optimizations did not improve timing on the net.
INFO: [Physopt 32-81] Processed net game_datapath/game_cu/D[31]. Replicated 1 times.
INFO: [Physopt 32-735] Processed net game_datapath/game_cu/D[31]. Optimization improves timing on the net.
INFO: [Physopt 32-619] Estimated Timing Summary | WNS=-4.173 | TNS=-1106.561 |
INFO: [Physopt 32-663] Processed net game_datapath/game_regfiles/D_display_q[21].  Re-placed instance game_datapath/game_regfiles/D_display_q_reg[21]
INFO: [Physopt 32-735] Processed net game_datapath/game_regfiles/D_display_q[21]. Optimization improves timing on the net.
INFO: [Physopt 32-619] Estimated Timing Summary | WNS=-4.169 | TNS=-1106.240 |
INFO: [Physopt 32-663] Processed net game_datapath/game_regfiles/D_temp_var3_q_reg_n_0_[19].  Re-placed instance game_datapath/game_regfiles/D_temp_var3_q_reg[19]
INFO: [Physopt 32-735] Processed net game_datapath/game_regfiles/D_temp_var3_q_reg_n_0_[19]. Optimization improves timing on the net.
INFO: [Physopt 32-619] Estimated Timing Summary | WNS=-4.164 | TNS=-1106.209 |
INFO: [Physopt 32-702] Processed net game_datapath/game_regfiles/D_p2_score_q[21]. Optimizations did not improve timing on the net.
INFO: [Physopt 32-710] Processed net game_datapath/game_cu/D[21]. Critical path length was reduced through logic transformation on cell game_datapath/game_cu/D_p1_score_q[21]_i_1_comp.
INFO: [Physopt 32-735] Processed net game_datapath/game_cu/D_p1_score_q[21]_i_2_n_0. Optimization improves timing on the net.
INFO: [Physopt 32-619] Estimated Timing Summary | WNS=-4.160 | TNS=-1100.476 |
INFO: [Physopt 32-663] Processed net game_datapath/game_regfiles/D_p1_button_press_q_reg_n_0_[22].  Re-placed instance game_datapath/game_regfiles/D_p1_button_press_q_reg[22]
INFO: [Physopt 32-735] Processed net game_datapath/game_regfiles/D_p1_button_press_q_reg_n_0_[22]. Optimization improves timing on the net.
INFO: [Physopt 32-619] Estimated Timing Summary | WNS=-4.160 | TNS=-1100.458 |
INFO: [Physopt 32-663] Processed net game_datapath/game_regfiles/D_temp_var3_q_reg_n_0_[22].  Re-placed instance game_datapath/game_regfiles/D_temp_var3_q_reg[22]
INFO: [Physopt 32-735] Processed net game_datapath/game_regfiles/D_temp_var3_q_reg_n_0_[22]. Optimization improves timing on the net.
INFO: [Physopt 32-619] Estimated Timing Summary | WNS=-4.159 | TNS=-1100.585 |
INFO: [Physopt 32-663] Processed net game_datapath/game_regfiles/D_temp_var3_q_reg_n_0_[26].  Re-placed instance game_datapath/game_regfiles/D_temp_var3_q_reg[26]
INFO: [Physopt 32-735] Processed net game_datapath/game_regfiles/D_temp_var3_q_reg_n_0_[26]. Optimization improves timing on the net.
INFO: [Physopt 32-619] Estimated Timing Summary | WNS=-4.157 | TNS=-1100.470 |
INFO: [Physopt 32-702] Processed net game_datapath/game_regfiles/D_temp_var1_q[26]. Optimizations did not improve timing on the net.
INFO: [Physopt 32-710] Processed net game_datapath/game_cu/D[26]. Critical path length was reduced through logic transformation on cell game_datapath/game_cu/D_p1_score_q[26]_i_1_comp.
INFO: [Physopt 32-735] Processed net game_datapath/game_cu/D_p1_score_q[26]_i_2_n_0. Optimization improves timing on the net.
INFO: [Physopt 32-619] Estimated Timing Summary | WNS=-4.153 | TNS=-1099.326 |
INFO: [Physopt 32-702] Processed net game_datapath/game_regfiles/D_p1_button_press_q_reg_n_0_[20]. Optimizations did not improve timing on the net.
INFO: [Physopt 32-710] Processed net game_datapath/game_cu/D[20]. Critical path length was reduced through logic transformation on cell game_datapath/game_cu/D_p1_score_q[20]_i_1_comp.
INFO: [Physopt 32-735] Processed net game_datapath/game_cu/D_p1_score_q[20]_i_2_n_0. Optimization improves timing on the net.
INFO: [Physopt 32-619] Estimated Timing Summary | WNS=-4.149 | TNS=-1095.231 |
INFO: [Physopt 32-702] Processed net game_datapath/game_regfiles/D_p1_button_press_q_reg_n_0_[19]. Optimizations did not improve timing on the net.
INFO: [Physopt 32-710] Processed net game_datapath/game_cu/D[19]. Critical path length was reduced through logic transformation on cell game_datapath/game_cu/D_p1_score_q[19]_i_1_comp.
INFO: [Physopt 32-735] Processed net game_datapath/game_cu/D_p1_score_q[19]_i_2_n_0. Optimization improves timing on the net.
INFO: [Physopt 32-619] Estimated Timing Summary | WNS=-4.142 | TNS=-1090.031 |
INFO: [Physopt 32-702] Processed net game_datapath/game_regfiles/D_p1_button_press_q_reg_n_0_[22]. Optimizations did not improve timing on the net.
INFO: [Physopt 32-710] Processed net game_datapath/game_cu/D[22]. Critical path length was reduced through logic transformation on cell game_datapath/game_cu/D_p1_score_q[22]_i_1_comp.
INFO: [Physopt 32-735] Processed net game_datapath/game_cu/D_p1_score_q[22]_i_2_n_0. Optimization improves timing on the net.
INFO: [Physopt 32-619] Estimated Timing Summary | WNS=-4.108 | TNS=-1084.662 |
INFO: [Physopt 32-663] Processed net game_datapath/game_regfiles/D_display_q[18].  Re-placed instance game_datapath/game_regfiles/D_display_q_reg[18]
INFO: [Physopt 32-735] Processed net game_datapath/game_regfiles/D_display_q[18]. Optimization improves timing on the net.
INFO: [Physopt 32-619] Estimated Timing Summary | WNS=-4.108 | TNS=-1084.493 |
INFO: [Physopt 32-663] Processed net game_datapath/game_regfiles/D_low_number_q[18].  Re-placed instance game_datapath/game_regfiles/D_low_number_q_reg[18]
INFO: [Physopt 32-735] Processed net game_datapath/game_regfiles/D_low_number_q[18]. Optimization improves timing on the net.
INFO: [Physopt 32-619] Estimated Timing Summary | WNS=-4.108 | TNS=-1084.287 |
INFO: [Physopt 32-702] Processed net game_datapath/game_alu/out_sig0__1_1[0]. Optimizations did not improve timing on the net.
INFO: [Physopt 32-663] Processed net game_datapath/game_cu/D[24].  Re-placed instance game_datapath/game_cu/D_p1_score_q[24]_i_1_comp
INFO: [Physopt 32-735] Processed net game_datapath/game_cu/D[24]. Optimization improves timing on the net.
INFO: [Physopt 32-619] Estimated Timing Summary | WNS=-4.094 | TNS=-1082.701 |
INFO: [Physopt 32-663] Processed net game_datapath/game_regfiles/D_temp_var2_q[18].  Re-placed instance game_datapath/game_regfiles/D_temp_var2_q_reg[18]
INFO: [Physopt 32-735] Processed net game_datapath/game_regfiles/D_temp_var2_q[18]. Optimization improves timing on the net.
INFO: [Physopt 32-619] Estimated Timing Summary | WNS=-4.091 | TNS=-1082.660 |
INFO: [Physopt 32-663] Processed net game_datapath/game_regfiles/D_p2_button_press_q_reg_n_0_[18].  Re-placed instance game_datapath/game_regfiles/D_p2_button_press_q_reg[18]
INFO: [Physopt 32-735] Processed net game_datapath/game_regfiles/D_p2_button_press_q_reg_n_0_[18]. Optimization improves timing on the net.
INFO: [Physopt 32-619] Estimated Timing Summary | WNS=-4.085 | TNS=-1082.608 |
INFO: [Physopt 32-663] Processed net game_datapath/game_regfiles/D_p2_score_q[18].  Re-placed instance game_datapath/game_regfiles/D_p2_score_q_reg[18]
INFO: [Physopt 32-735] Processed net game_datapath/game_regfiles/D_p2_score_q[18]. Optimization improves timing on the net.
INFO: [Physopt 32-619] Estimated Timing Summary | WNS=-4.073 | TNS=-1082.596 |
INFO: [Physopt 32-702] Processed net game_datapath/game_regfiles/D_p2_score_q[18]. Optimizations did not improve timing on the net.
INFO: [Physopt 32-710] Processed net game_datapath/game_cu/D[18]. Critical path length was reduced through logic transformation on cell game_datapath/game_cu/D_p1_score_q[18]_i_1_comp.
INFO: [Physopt 32-735] Processed net game_datapath/game_cu/D_p1_score_q[18]_i_2_n_0. Optimization improves timing on the net.
INFO: [Physopt 32-619] Estimated Timing Summary | WNS=-4.069 | TNS=-1074.835 |
INFO: [Physopt 32-702] Processed net game_datapath/game_alu/out_sig0__1_1[2]. Optimizations did not improve timing on the net.
INFO: [Physopt 32-81] Processed net game_datapath/game_cu/D[26]. Replicated 2 times.
INFO: [Physopt 32-735] Processed net game_datapath/game_cu/D[26]. Optimization improves timing on the net.
INFO: [Physopt 32-619] Estimated Timing Summary | WNS=-4.057 | TNS=-1071.390 |
INFO: [Physopt 32-663] Processed net game_datapath/game_regfiles/D_temp_var3_q_reg_n_0_[17].  Re-placed instance game_datapath/game_regfiles/D_temp_var3_q_reg[17]
INFO: [Physopt 32-735] Processed net game_datapath/game_regfiles/D_temp_var3_q_reg_n_0_[17]. Optimization improves timing on the net.
INFO: [Physopt 32-619] Estimated Timing Summary | WNS=-4.023 | TNS=-1071.160 |
INFO: [Physopt 32-663] Processed net game_datapath/game_regfiles/D_display_q[31].  Re-placed instance game_datapath/game_regfiles/D_display_q_reg[31]
INFO: [Physopt 32-735] Processed net game_datapath/game_regfiles/D_display_q[31]. Optimization improves timing on the net.
INFO: [Physopt 32-619] Estimated Timing Summary | WNS=-4.019 | TNS=-1070.884 |
INFO: [Physopt 32-663] Processed net game_datapath/game_regfiles/D_display_timer_q_reg[31]_0[17].  Re-placed instance game_datapath/game_regfiles/D_display_timer_q_reg[17]
INFO: [Physopt 32-735] Processed net game_datapath/game_regfiles/D_display_timer_q_reg[31]_0[17]. Optimization improves timing on the net.
INFO: [Physopt 32-619] Estimated Timing Summary | WNS=-4.016 | TNS=-1070.551 |
INFO: [Physopt 32-663] Processed net game_datapath/game_regfiles/D_p2_score_q[17].  Re-placed instance game_datapath/game_regfiles/D_p2_score_q_reg[17]
INFO: [Physopt 32-735] Processed net game_datapath/game_regfiles/D_p2_score_q[17]. Optimization improves timing on the net.
INFO: [Physopt 32-619] Estimated Timing Summary | WNS=-4.011 | TNS=-1073.476 |
INFO: [Physopt 32-702] Processed net game_datapath/game_alu/out_sig0__1_2[2]. Optimizations did not improve timing on the net.
INFO: [Physopt 32-81] Processed net game_datapath/game_cu/D[30]. Replicated 1 times.
INFO: [Physopt 32-735] Processed net game_datapath/game_cu/D[30]. Optimization improves timing on the net.
INFO: [Physopt 32-619] Estimated Timing Summary | WNS=-4.010 | TNS=-1073.655 |
INFO: [Physopt 32-663] Processed net game_datapath/game_regfiles/D_p1_button_press_q_reg_n_0_[17].  Re-placed instance game_datapath/game_regfiles/D_p1_button_press_q_reg[17]
INFO: [Physopt 32-735] Processed net game_datapath/game_regfiles/D_p1_button_press_q_reg_n_0_[17]. Optimization improves timing on the net.
INFO: [Physopt 32-619] Estimated Timing Summary | WNS=-4.008 | TNS=-1073.478 |
INFO: [Physopt 32-663] Processed net game_datapath/game_regfiles/D_p2_button_press_q_reg_n_0_[17].  Re-placed instance game_datapath/game_regfiles/D_p2_button_press_q_reg[17]
INFO: [Physopt 32-735] Processed net game_datapath/game_regfiles/D_p2_button_press_q_reg_n_0_[17]. Optimization improves timing on the net.
INFO: [Physopt 32-619] Estimated Timing Summary | WNS=-4.006 | TNS=-1073.306 |
INFO: [Physopt 32-663] Processed net game_datapath/game_regfiles/Q[9].  Re-placed instance game_datapath/game_regfiles/D_timer_q_reg[17]
INFO: [Physopt 32-735] Processed net game_datapath/game_regfiles/Q[9]. Optimization improves timing on the net.
INFO: [Physopt 32-619] Estimated Timing Summary | WNS=-3.998 | TNS=-1073.147 |
INFO: [Physopt 32-702] Processed net game_datapath/game_cu/D[30]_repN. Optimizations did not improve timing on the net.
INFO: [Physopt 32-702] Processed net game_datapath/game_alu/out_sig0__1_n_102. Optimizations did not improve timing on the net.
INFO: [Physopt 32-702] Processed net game_datapath/game_cu/M_game_alu_a[1]. Optimizations did not improve timing on the net.
INFO: [Physopt 32-710] Processed net game_datapath/game_cu/M_game_alu_a[1]. Critical path length was reduced through logic transformation on cell game_datapath/game_cu/out_sig0__0_i_16_comp.
INFO: [Physopt 32-735] Processed net game_datapath/game_cu/out_sig0__0_i_65_n_0. Optimization improves timing on the net.
INFO: [Physopt 32-619] Estimated Timing Summary | WNS=-3.982 | TNS=-1066.766 |
INFO: [Physopt 32-81] Processed net game_datapath/game_cu/D_game_fsm_q[0]. Replicated 2 times.
INFO: [Physopt 32-735] Processed net game_datapath/game_cu/D_game_fsm_q[0]. Optimization improves timing on the net.
INFO: [Physopt 32-619] Estimated Timing Summary | WNS=-3.871 | TNS=-1020.315 |
INFO: [Physopt 32-81] Processed net game_datapath/game_cu/D_game_fsm_q[6]. Replicated 1 times.
INFO: [Physopt 32-735] Processed net game_datapath/game_cu/D_game_fsm_q[6]. Optimization improves timing on the net.
INFO: [Physopt 32-619] Estimated Timing Summary | WNS=-3.866 | TNS=-1018.235 |
INFO: [Physopt 32-81] Processed net game_datapath/game_cu/D_game_fsm_q[0]_repN. Replicated 1 times.
INFO: [Physopt 32-735] Processed net game_datapath/game_cu/D_game_fsm_q[0]_repN. Optimization improves timing on the net.
INFO: [Physopt 32-619] Estimated Timing Summary | WNS=-3.865 | TNS=-1017.819 |
INFO: [Physopt 32-81] Processed net game_datapath/game_cu/D_game_fsm_q[0]_repN_2. Replicated 1 times.
INFO: [Physopt 32-735] Processed net game_datapath/game_cu/D_game_fsm_q[0]_repN_2. Optimization improves timing on the net.
INFO: [Physopt 32-619] Estimated Timing Summary | WNS=-3.858 | TNS=-1014.907 |
INFO: [Physopt 32-81] Processed net game_datapath/game_cu/D_game_fsm_q[1]. Replicated 2 times.
INFO: [Physopt 32-735] Processed net game_datapath/game_cu/D_game_fsm_q[1]. Optimization improves timing on the net.
INFO: [Physopt 32-619] Estimated Timing Summary | WNS=-3.825 | TNS=-1001.574 |
INFO: [Physopt 32-702] Processed net game_datapath/game_cu/D_game_fsm_q[0]_repN_3. Optimizations did not improve timing on the net.
INFO: [Physopt 32-702] Processed net game_datapath/game_cu/D[24]. Optimizations did not improve timing on the net.
INFO: [Physopt 32-608] Optimized 1 net.  Swapped 22 pins.
INFO: [Physopt 32-735] Processed net game_datapath/game_cu/out_sig0__0_i_65_n_0_repN. Optimization improves timing on the net.
INFO: [Physopt 32-619] Estimated Timing Summary | WNS=-3.795 | TNS=-989.094 |
INFO: [Physopt 32-608] Optimized 1 net.  Swapped 24 pins.
INFO: [Physopt 32-735] Processed net game_datapath/game_cu/M_game_alu_b[7]. Optimization improves timing on the net.
INFO: [Physopt 32-619] Estimated Timing Summary | WNS=-3.795 | TNS=-989.094 |
INFO: [Physopt 32-702] Processed net game_datapath/game_cu/out_sig0__0_i_65_n_0_repN. Optimizations did not improve timing on the net.
INFO: [Physopt 32-608] Optimized 1 net.  Swapped 23 pins.
INFO: [Physopt 32-735] Processed net game_datapath/game_cu/out_sig0__0_i_64_n_0. Optimization improves timing on the net.
INFO: [Physopt 32-619] Estimated Timing Summary | WNS=-3.782 | TNS=-983.565 |
INFO: [Physopt 32-81] Processed net game_datapath/game_cu/M_game_alu_b[6]. Replicated 1 times.
INFO: [Physopt 32-735] Processed net game_datapath/game_cu/M_game_alu_b[6]. Optimization improves timing on the net.
INFO: [Physopt 32-619] Estimated Timing Summary | WNS=-3.780 | TNS=-982.733 |
INFO: [Physopt 32-702] Processed net game_datapath/game_cu/M_game_alu_b[6]. Optimizations did not improve timing on the net.
INFO: [Physopt 32-81] Processed net game_datapath/game_cu/out_sig0_i_109_n_0. Replicated 1 times.
INFO: [Physopt 32-735] Processed net game_datapath/game_cu/out_sig0_i_109_n_0. Optimization improves timing on the net.
INFO: [Physopt 32-619] Estimated Timing Summary | WNS=-3.739 | TNS=-966.519 |
INFO: [Physopt 32-81] Processed net game_datapath/game_cu/D_game_fsm_q[6]_repN. Replicated 2 times.
INFO: [Physopt 32-735] Processed net game_datapath/game_cu/D_game_fsm_q[6]_repN. Optimization improves timing on the net.
INFO: [Physopt 32-619] Estimated Timing Summary | WNS=-3.739 | TNS=-965.873 |
INFO: [Physopt 32-81] Processed net game_datapath/game_cu/D_game_fsm_q[3]. Replicated 2 times.
INFO: [Physopt 32-735] Processed net game_datapath/game_cu/D_game_fsm_q[3]. Optimization improves timing on the net.
INFO: [Physopt 32-619] Estimated Timing Summary | WNS=-3.737 | TNS=-965.686 |
INFO: [Physopt 32-702] Processed net game_datapath/game_cu/D_game_fsm_q[6]_repN_1. Optimizations did not improve timing on the net.
INFO: [Physopt 32-710] Processed net game_datapath/game_cu/out_sig0__0_i_65_n_0_repN. Critical path length was reduced through logic transformation on cell game_datapath/game_cu/out_sig0__0_i_65_comp_2.
INFO: [Physopt 32-735] Processed net game_datapath/game_cu/FSM_sequential_D_game_fsm_q_reg[5]_1. Optimization improves timing on the net.
INFO: [Physopt 32-619] Estimated Timing Summary | WNS=-3.737 | TNS=-964.845 |
INFO: [Physopt 32-702] Processed net game_datapath/game_cu/M_game_alu_b[7]. Optimizations did not improve timing on the net.
INFO: [Physopt 32-702] Processed net game_datapath/game_cu/out_sig0_i_106_n_0. Optimizations did not improve timing on the net.
INFO: [Physopt 32-702] Processed net game_datapath/game_regfiles/D_high_number_q_reg[9]_0. Optimizations did not improve timing on the net.
INFO: [Physopt 32-134] Processed net game_datapath/game_cu/D_stage_q_reg[3]_3. Rewiring did not optimize the net.
INFO: [Physopt 32-702] Processed net game_datapath/game_cu/D_stage_q_reg[3]_3. Optimizations did not improve timing on the net.
INFO: [Physopt 32-608] Optimized 1 net.  Swapped 25 pins.
INFO: [Physopt 32-735] Processed net game_datapath/game_cu/out_sig0_i_187_n_0. Optimization improves timing on the net.
INFO: [Physopt 32-619] Estimated Timing Summary | WNS=-3.727 | TNS=-960.776 |
INFO: [Physopt 32-702] Processed net game_datapath/game_cu/out_sig0__0_i_64_n_0. Optimizations did not improve timing on the net.
INFO: [Physopt 32-702] Processed net game_datapath/game_cu/out_sig0__0_i_87_n_0. Optimizations did not improve timing on the net.
INFO: [Physopt 32-702] Processed net game_datapath/game_cu/out_sig0__0_i_100_n_0. Optimizations did not improve timing on the net.
INFO: [Physopt 32-702] Processed net game_datapath/game_alu/out_sig0__0_n_106. Optimizations did not improve timing on the net.
INFO: [Physopt 32-702] Processed net clk_IBUF. Optimizations did not improve timing on the net.
INFO: [Physopt 32-702] Processed net clk. Optimizations did not improve timing on the net.
INFO: [Physopt 32-663] Processed net game_datapath/game_regfiles/D_p1_score_q[24].  Re-placed instance game_datapath/game_regfiles/D_p1_score_q_reg[24]
INFO: [Physopt 32-735] Processed net game_datapath/game_regfiles/D_p1_score_q[24]. Optimization improves timing on the net.
INFO: [Physopt 32-619] Estimated Timing Summary | WNS=-3.725 | TNS=-960.549 |
INFO: [Physopt 32-663] Processed net game_datapath/game_regfiles/D_display_q[30].  Re-placed instance game_datapath/game_regfiles/D_display_q_reg[30]
INFO: [Physopt 32-735] Processed net game_datapath/game_regfiles/D_display_q[30]. Optimization improves timing on the net.
INFO: [Physopt 32-619] Estimated Timing Summary | WNS=-3.723 | TNS=-960.394 |
INFO: [Physopt 32-663] Processed net game_datapath/game_regfiles/D_temp_var2_q[17].  Re-placed instance game_datapath/game_regfiles/D_temp_var2_q_reg[17]
INFO: [Physopt 32-735] Processed net game_datapath/game_regfiles/D_temp_var2_q[17]. Optimization improves timing on the net.
INFO: [Physopt 32-619] Estimated Timing Summary | WNS=-3.722 | TNS=-960.225 |
INFO: [Physopt 32-702] Processed net game_datapath/game_regfiles/D_temp_var3_q_reg_n_0_[28]. Optimizations did not improve timing on the net.
INFO: [Physopt 32-702] Processed net game_datapath/game_cu/D_game_fsm_q[0]_repN_3. Optimizations did not improve timing on the net.
INFO: [Physopt 32-702] Processed net game_datapath/game_alu/out_sig0__1_2[0]. Optimizations did not improve timing on the net.
INFO: [Physopt 32-702] Processed net game_datapath/game_alu/D_p1_score_q[23]_i_13_n_0. Optimizations did not improve timing on the net.
INFO: [Physopt 32-663] Processed net game_datapath/game_cu/D[28].  Re-placed instance game_datapath/game_cu/D_p1_score_q[28]_i_1_comp
INFO: [Physopt 32-735] Processed net game_datapath/game_cu/D[28]. Optimization improves timing on the net.
INFO: [Physopt 32-619] Estimated Timing Summary | WNS=-3.704 | TNS=-959.991 |
INFO: [Physopt 32-702] Processed net game_datapath/game_cu/D[28]. Optimizations did not improve timing on the net.
INFO: [Physopt 32-702] Processed net game_datapath/game_alu/out_sig0__1_n_102. Optimizations did not improve timing on the net.
INFO: [Physopt 32-608] Optimized 1 net.  Swapped 23 pins.
INFO: [Physopt 32-735] Processed net game_datapath/game_cu/M_game_alu_a[1]. Optimization improves timing on the net.
INFO: [Physopt 32-619] Estimated Timing Summary | WNS=-3.700 | TNS=-957.702 |
INFO: [Physopt 32-702] Processed net game_datapath/game_cu/D_game_fsm_q[5]. Optimizations did not improve timing on the net.
INFO: [Physopt 32-702] Processed net game_datapath/game_cu/M_game_alu_a[1]. Optimizations did not improve timing on the net.
INFO: [Physopt 32-702] Processed net game_datapath/game_cu/out_sig0__0_i_92_n_0. Optimizations did not improve timing on the net.
INFO: [Physopt 32-702] Processed net game_datapath/game_cu/FSM_sequential_D_game_fsm_q_reg[5]_0. Optimizations did not improve timing on the net.
INFO: [Physopt 32-702] Processed net game_datapath/game_cu/out_sig0_i_137_n_0. Optimizations did not improve timing on the net.
INFO: [Physopt 32-702] Processed net clk_IBUF. Optimizations did not improve timing on the net.
INFO: [Physopt 32-702] Processed net clk. Optimizations did not improve timing on the net.
INFO: [Physopt 32-619] Estimated Timing Summary | WNS=-3.700 | TNS=-957.702 |
Netlist sorting complete. Time (s): cpu = 00:00:00 ; elapsed = 00:00:00.018 . Memory (MB): peak = 1637.539 ; gain = 0.000
Phase 3 Critical Path Optimization | Checksum: 1a5c02436

Time (s): cpu = 00:00:39 ; elapsed = 00:00:25 . Memory (MB): peak = 1637.539 ; gain = 1.320

Phase 4 Critical Path Optimization
INFO: [Physopt 32-619] Estimated Timing Summary | WNS=-3.700 | TNS=-957.702 |
INFO: [Physopt 32-702] Processed net game_datapath/game_regfiles/D_temp_var3_q_reg_n_0_[28]. Optimizations did not improve timing on the net.
INFO: [Physopt 32-81] Processed net game_datapath/game_cu/D_game_fsm_q[5]. Replicated 1 times.
INFO: [Physopt 32-735] Processed net game_datapath/game_cu/D_game_fsm_q[5]. Optimization improves timing on the net.
INFO: [Physopt 32-619] Estimated Timing Summary | WNS=-3.697 | TNS=-956.983 |
INFO: [Common 17-14] Message 'Physopt 32-619' appears 100 times and further instances of the messages will be disabled. Use the Tcl command set_msg_config to change the current settings.
INFO: [Physopt 32-81] Processed net game_datapath/game_cu/D_game_fsm_q[5]_repN_1. Replicated 2 times.
INFO: [Physopt 32-735] Processed net game_datapath/game_cu/D_game_fsm_q[5]_repN_1. Optimization improves timing on the net.
INFO: [Physopt 32-702] Processed net game_datapath/game_cu/D_game_fsm_q[0]_repN_3. Optimizations did not improve timing on the net.
INFO: [Physopt 32-702] Processed net game_datapath/game_alu/out_sig0__1_2[0]. Optimizations did not improve timing on the net.
INFO: [Physopt 32-702] Processed net game_datapath/game_alu/D_p1_score_q_reg[27]_i_4_n_0. Optimizations did not improve timing on the net.
INFO: [Physopt 32-702] Processed net game_datapath/game_alu/D_p1_score_q_reg[23]_i_4_n_0. Optimizations did not improve timing on the net.
INFO: [Physopt 32-702] Processed net game_datapath/game_alu/D_p1_score_q[23]_i_13_n_0. Optimizations did not improve timing on the net.
INFO: [Physopt 32-702] Processed net game_datapath/game_cu/D[28]. Optimizations did not improve timing on the net.
INFO: [Physopt 32-702] Processed net game_datapath/game_alu/out_sig0__1_n_102. Optimizations did not improve timing on the net.
INFO: [Physopt 32-702] Processed net game_datapath/game_cu/M_game_alu_b[7]. Optimizations did not improve timing on the net.
INFO: [Physopt 32-702] Processed net game_datapath/game_cu/out_sig0_i_106_n_0. Optimizations did not improve timing on the net.
INFO: [Physopt 32-702] Processed net game_datapath/game_regfiles/D_high_number_q_reg[9]_0. Optimizations did not improve timing on the net.
INFO: [Physopt 32-134] Processed net game_datapath/game_cu/D_stage_q_reg[3]_3. Rewiring did not optimize the net.
INFO: [Physopt 32-702] Processed net game_datapath/game_cu/D_stage_q_reg[3]_3. Optimizations did not improve timing on the net.
INFO: [Physopt 32-608] Optimized 1 net.  Swapped 25 pins.
INFO: [Physopt 32-735] Processed net game_datapath/game_cu/out_sig0_i_186_n_0. Optimization improves timing on the net.
INFO: [Physopt 32-81] Processed net game_datapath/game_cu/D_game_fsm_q[5]_repN_1. Replicated 1 times.
INFO: [Physopt 32-735] Processed net game_datapath/game_cu/D_game_fsm_q[5]_repN_1. Optimization improves timing on the net.
INFO: [Physopt 32-702] Processed net game_datapath/game_cu/D_game_fsm_q[5]_repN_1. Optimizations did not improve timing on the net.
INFO: [Physopt 32-702] Processed net game_datapath/game_cu/M_game_alu_a[1]. Optimizations did not improve timing on the net.
INFO: [Physopt 32-710] Processed net game_datapath/game_cu/M_game_alu_a[1]. Critical path length was reduced through logic transformation on cell game_datapath/game_cu/out_sig0__0_i_16_comp_1.
INFO: [Physopt 32-735] Processed net game_datapath/game_cu/out_sig0__0_i_92_n_0. Optimization improves timing on the net.
INFO: [Physopt 32-702] Processed net game_datapath/game_cu/out_sig0_i_186_n_0. Optimizations did not improve timing on the net.
INFO: [Physopt 32-702] Processed net game_datapath/game_alu/out_sig0__0_n_106. Optimizations did not improve timing on the net.
INFO: [Physopt 32-702] Processed net clk_IBUF. Optimizations did not improve timing on the net.
INFO: [Physopt 32-702] Processed net clk. Optimizations did not improve timing on the net.
INFO: [Physopt 32-702] Processed net game_datapath/game_regfiles/D_temp_var3_q_reg_n_0_[28]. Optimizations did not improve timing on the net.
INFO: [Physopt 32-702] Processed net game_datapath/game_cu/D_game_fsm_q[0]_repN_3. Optimizations did not improve timing on the net.
INFO: [Physopt 32-702] Processed net game_datapath/game_alu/out_sig0__1_2[0]. Optimizations did not improve timing on the net.
INFO: [Physopt 32-702] Processed net game_datapath/game_alu/D_p1_score_q[23]_i_13_n_0. Optimizations did not improve timing on the net.
INFO: [Physopt 32-702] Processed net game_datapath/game_cu/D[28]. Optimizations did not improve timing on the net.
INFO: [Physopt 32-702] Processed net game_datapath/game_alu/out_sig0__1_n_102. Optimizations did not improve timing on the net.
INFO: [Physopt 32-702] Processed net game_datapath/game_cu/M_game_alu_b[7]. Optimizations did not improve timing on the net.
INFO: [Physopt 32-702] Processed net game_datapath/game_cu/out_sig0_i_106_n_0. Optimizations did not improve timing on the net.
INFO: [Physopt 32-702] Processed net game_datapath/game_regfiles/D_high_number_q_reg[9]_0. Optimizations did not improve timing on the net.
INFO: [Physopt 32-702] Processed net game_datapath/game_cu/D_stage_q_reg[3]_3. Optimizations did not improve timing on the net.
INFO: [Physopt 32-702] Processed net game_datapath/game_cu/out_sig0_i_186_n_0. Optimizations did not improve timing on the net.
INFO: [Physopt 32-702] Processed net clk_IBUF. Optimizations did not improve timing on the net.
INFO: [Physopt 32-702] Processed net clk. Optimizations did not improve timing on the net.
Netlist sorting complete. Time (s): cpu = 00:00:00 ; elapsed = 00:00:00.010 . Memory (MB): peak = 1637.539 ; gain = 0.000
Phase 4 Critical Path Optimization | Checksum: 1a5c02436

Time (s): cpu = 00:00:52 ; elapsed = 00:00:33 . Memory (MB): peak = 1637.539 ; gain = 1.320
Netlist sorting complete. Time (s): cpu = 00:00:00 ; elapsed = 00:00:00 . Memory (MB): peak = 1637.539 ; gain = 0.000
INFO: [Physopt 32-603] Post Physical Optimization Timing Summary | WNS=-3.677 | TNS=-948.662 |

Summary of Physical Synthesis Optimizations
============================================


-------------------------------------------------------------------------------------------------------------------------------------------------------------
|  Optimization   |  WNS Gain (ns)  |  TNS Gain (ns)  |  Added Cells  |  Removed Cells  |  Optimized Cells/Nets  |  Dont Touch  |  Iterations  |  Elapsed   |
-------------------------------------------------------------------------------------------------------------------------------------------------------------
|  DSP Register   |          0.000  |          0.000  |            0  |              0  |                     0  |           0  |           1  |  00:00:00  |
|  Critical Path  |          1.214  |        265.950  |           22  |              0  |                    99  |           0  |           2  |  00:00:33  |
|  Total          |          1.214  |        265.950  |           22  |              0  |                    99  |           0  |           3  |  00:00:33  |
-------------------------------------------------------------------------------------------------------------------------------------------------------------


Netlist sorting complete. Time (s): cpu = 00:00:00 ; elapsed = 00:00:00.001 . Memory (MB): peak = 1637.539 ; gain = 0.000
Ending Physical Synthesis Task | Checksum: 1da0b030b

Time (s): cpu = 00:00:52 ; elapsed = 00:00:33 . Memory (MB): peak = 1637.539 ; gain = 1.320
INFO: [Common 17-83] Releasing license: Implementation
473 Infos, 0 Warnings, 0 Critical Warnings and 0 Errors encountered.
phys_opt_design completed successfully
phys_opt_design: Time (s): cpu = 00:00:53 ; elapsed = 00:00:33 . Memory (MB): peak = 1637.539 ; gain = 1.320
INFO: [Timing 38-480] Writing timing data to binary archive.
Write ShapeDB Complete: Time (s): cpu = 00:00:00 ; elapsed = 00:00:00.006 . Memory (MB): peak = 1646.344 ; gain = 0.000
Wrote PlaceDB: Time (s): cpu = 00:00:01 ; elapsed = 00:00:00.221 . Memory (MB): peak = 1646.344 ; gain = 0.000
Wrote PulsedLatchDB: Time (s): cpu = 00:00:00 ; elapsed = 00:00:00 . Memory (MB): peak = 1646.344 ; gain = 0.000
Writing XDEF routing.
Writing XDEF routing logical nets.
Writing XDEF routing special nets.
Wrote RouteStorage: Time (s): cpu = 00:00:00 ; elapsed = 00:00:00.028 . Memory (MB): peak = 1646.344 ; gain = 0.000
Wrote Netlist Cache: Time (s): cpu = 00:00:00 ; elapsed = 00:00:00.004 . Memory (MB): peak = 1646.344 ; gain = 0.000
Wrote Device Cache: Time (s): cpu = 00:00:00 ; elapsed = 00:00:00.017 . Memory (MB): peak = 1646.344 ; gain = 0.000
Write Physdb Complete: Time (s): cpu = 00:00:01 ; elapsed = 00:00:00.284 . Memory (MB): peak = 1646.344 ; gain = 0.000
INFO: [Common 17-1381] The checkpoint 'C:/Users/Giant/Desktop/fpga-game/build/vivado/1D_Project.runs/impl_1/alchitry_top_physopt.dcp' has been generated.
Command: route_design
Attempting to get a license for feature 'Implementation' and/or device 'xc7a35t'
INFO: [Common 17-349] Got license for feature 'Implementation' and/or device 'xc7a35t'
INFO: [DRC 23-27] Running DRC with 2 threads
INFO: [Vivado_Tcl 4-198] DRC finished with 0 Errors
INFO: [Vivado_Tcl 4-199] Please refer to the DRC report (report_drc) for more information.


Starting Routing Task
INFO: [Route 35-254] Multithreading enabled for route_design using a maximum of 2 CPUs

Phase 1 Build RT Design
Checksum: PlaceDB: 262d2d87 ConstDB: 0 ShapeSum: a3096f66 RouteDB: a0815c57
Post Restoration Checksum: NetGraph: eb294423 | NumContArr: dc82fa3d | Constraints: c2a8fa9d | Timing: c2a8fa9d
Phase 1 Build RT Design | Checksum: 34cfe339a

Time (s): cpu = 00:00:37 ; elapsed = 00:00:35 . Memory (MB): peak = 1742.285 ; gain = 83.543

Phase 2 Router Initialization

Phase 2.1 Fix Topology Constraints
Phase 2.1 Fix Topology Constraints | Checksum: 34cfe339a

Time (s): cpu = 00:00:37 ; elapsed = 00:00:35 . Memory (MB): peak = 1742.285 ; gain = 83.543

Phase 2.2 Pre Route Cleanup
Phase 2.2 Pre Route Cleanup | Checksum: 34cfe339a

Time (s): cpu = 00:00:37 ; elapsed = 00:00:35 . Memory (MB): peak = 1742.285 ; gain = 83.543
 Number of Nodes with overlaps = 0

Phase 2.3 Update Timing
Phase 2.3 Update Timing | Checksum: 25ee98d54

Time (s): cpu = 00:00:39 ; elapsed = 00:00:36 . Memory (MB): peak = 1772.016 ; gain = 113.273
INFO: [Route 35-416] Intermediate Timing Summary | WNS=-3.575 | TNS=-890.632| WHS=-0.132 | THS=-1.740 |


Router Utilization Summary
  Global Vertical Routing Utilization    = 0 %
  Global Horizontal Routing Utilization  = 0 %
  Routable Net Status*
  *Does not include unroutable nets such as driverless and loadless.
  Run report_route_status for detailed report.
  Number of Failed Nets               = 1503
    (Failed Nets is the sum of unrouted and partially routed nets)
  Number of Unrouted Nets             = 1503
  Number of Partially Routed Nets     = 0
  Number of Node Overlaps             = 0

Phase 2 Router Initialization | Checksum: 2a1ff77d0

Time (s): cpu = 00:00:40 ; elapsed = 00:00:37 . Memory (MB): peak = 1772.016 ; gain = 113.273

Phase 3 Global Routing
Phase 3 Global Routing | Checksum: 2a1ff77d0

Time (s): cpu = 00:00:40 ; elapsed = 00:00:37 . Memory (MB): peak = 1772.016 ; gain = 113.273

Phase 4 Initial Routing

Phase 4.1 Initial Net Routing Pass
Phase 4.1 Initial Net Routing Pass | Checksum: 22e5a6253

Time (s): cpu = 00:00:41 ; elapsed = 00:00:37 . Memory (MB): peak = 1772.016 ; gain = 113.273
Phase 4 Initial Routing | Checksum: 22e5a6253

Time (s): cpu = 00:00:41 ; elapsed = 00:00:37 . Memory (MB): peak = 1772.016 ; gain = 113.273

Phase 5 Rip-up And Reroute

Phase 5.1 Global Iteration 0
 Number of Nodes with overlaps = 772
 Number of Nodes with overlaps = 304
 Number of Nodes with overlaps = 201
 Number of Nodes with overlaps = 97
 Number of Nodes with overlaps = 57
 Number of Nodes with overlaps = 40
 Number of Nodes with overlaps = 19
 Number of Nodes with overlaps = 9
 Number of Nodes with overlaps = 7
 Number of Nodes with overlaps = 2
 Number of Nodes with overlaps = 2
 Number of Nodes with overlaps = 1
 Number of Nodes with overlaps = 0
INFO: [Route 35-416] Intermediate Timing Summary | WNS=-4.537 | TNS=-1235.385| WHS=N/A    | THS=N/A    |

Phase 5.1 Global Iteration 0 | Checksum: 252fbfe5f

Time (s): cpu = 00:00:59 ; elapsed = 00:00:49 . Memory (MB): peak = 1810.426 ; gain = 151.684

Phase 5.2 Global Iteration 1
 Number of Nodes with overlaps = 285
 Number of Nodes with overlaps = 146
 Number of Nodes with overlaps = 111
 Number of Nodes with overlaps = 88
 Number of Nodes with overlaps = 57
 Number of Nodes with overlaps = 36
 Number of Nodes with overlaps = 24
 Number of Nodes with overlaps = 14
 Number of Nodes with overlaps = 12
 Number of Nodes with overlaps = 6
 Number of Nodes with overlaps = 4
 Number of Nodes with overlaps = 6
 Number of Nodes with overlaps = 1
 Number of Nodes with overlaps = 0
INFO: [Route 35-416] Intermediate Timing Summary | WNS=-4.653 | TNS=-1276.357| WHS=N/A    | THS=N/A    |

Phase 5.2 Global Iteration 1 | Checksum: 219873b19

Time (s): cpu = 00:01:15 ; elapsed = 00:01:00 . Memory (MB): peak = 1810.426 ; gain = 151.684
Phase 5 Rip-up And Reroute | Checksum: 219873b19

Time (s): cpu = 00:01:15 ; elapsed = 00:01:00 . Memory (MB): peak = 1810.426 ; gain = 151.684

Phase 6 Delay and Skew Optimization

Phase 6.1 Delay CleanUp

Phase 6.1.1 Update Timing
Phase 6.1.1 Update Timing | Checksum: 2f810b021

Time (s): cpu = 00:01:15 ; elapsed = 00:01:00 . Memory (MB): peak = 1810.426 ; gain = 151.684
INFO: [Route 35-416] Intermediate Timing Summary | WNS=-4.516 | TNS=-1212.097| WHS=N/A    | THS=N/A    |

 Number of Nodes with overlaps = 0
Phase 6.1 Delay CleanUp | Checksum: 1dedcd04d

Time (s): cpu = 00:01:15 ; elapsed = 00:01:01 . Memory (MB): peak = 1810.426 ; gain = 151.684

Phase 6.2 Clock Skew Optimization
Phase 6.2 Clock Skew Optimization | Checksum: 1dedcd04d

Time (s): cpu = 00:01:15 ; elapsed = 00:01:01 . Memory (MB): peak = 1810.426 ; gain = 151.684
Phase 6 Delay and Skew Optimization | Checksum: 1dedcd04d

Time (s): cpu = 00:01:15 ; elapsed = 00:01:01 . Memory (MB): peak = 1810.426 ; gain = 151.684

Phase 7 Post Hold Fix

Phase 7.1 Hold Fix Iter
INFO: [Route 35-416] Intermediate Timing Summary | WNS=-4.484 | TNS=-1184.639| WHS=0.102  | THS=0.000  |

Phase 7.1 Hold Fix Iter | Checksum: 1ce2bf6ed

Time (s): cpu = 00:01:16 ; elapsed = 00:01:01 . Memory (MB): peak = 1810.426 ; gain = 151.684
Phase 7 Post Hold Fix | Checksum: 1ce2bf6ed

Time (s): cpu = 00:01:16 ; elapsed = 00:01:01 . Memory (MB): peak = 1810.426 ; gain = 151.684

Phase 8 Route finalize

Router Utilization Summary
  Global Vertical Routing Utilization    = 0.804433 %
  Global Horizontal Routing Utilization  = 0.942218 %
  Routable Net Status*
  *Does not include unroutable nets such as driverless and loadless.
  Run report_route_status for detailed report.
  Number of Failed Nets               = 0
    (Failed Nets is the sum of unrouted and partially routed nets)
  Number of Unrouted Nets             = 0
  Number of Partially Routed Nets     = 0
  Number of Node Overlaps             = 0


--GLOBAL Congestion:
Utilization threshold used for congestion level computation: 0.85
Congestion Report
North Dir 1x1 Area, Max Cong = 49.5495%, No Congested Regions.
South Dir 1x1 Area, Max Cong = 69.3694%, No Congested Regions.
East Dir 1x1 Area, Max Cong = 66.1765%, No Congested Regions.
West Dir 1x1 Area, Max Cong = 58.8235%, No Congested Regions.

------------------------------
Reporting congestion hotspots
------------------------------
Direction: North
----------------
Congested clusters found at Level 0
Effective congestion level: 0 Aspect Ratio: 1 Sparse Ratio: 0
Direction: South
----------------
Congested clusters found at Level 0
Effective congestion level: 0 Aspect Ratio: 1 Sparse Ratio: 0
Direction: East
----------------
Congested clusters found at Level 0
Effective congestion level: 0 Aspect Ratio: 1 Sparse Ratio: 0
Direction: West
----------------
Congested clusters found at Level 0
Effective congestion level: 0 Aspect Ratio: 1 Sparse Ratio: 0

Phase 8 Route finalize | Checksum: 1ce2bf6ed

Time (s): cpu = 00:01:16 ; elapsed = 00:01:01 . Memory (MB): peak = 1810.426 ; gain = 151.684

Phase 9 Verifying routed nets

 Verification completed successfully
Phase 9 Verifying routed nets | Checksum: 1ce2bf6ed

Time (s): cpu = 00:01:16 ; elapsed = 00:01:01 . Memory (MB): peak = 1810.426 ; gain = 151.684

Phase 10 Depositing Routes
Phase 10 Depositing Routes | Checksum: 1ed5ed4de

Time (s): cpu = 00:01:16 ; elapsed = 00:01:01 . Memory (MB): peak = 1810.426 ; gain = 151.684

Phase 11 Post Process Routing
Phase 11 Post Process Routing | Checksum: 1ed5ed4de

Time (s): cpu = 00:01:16 ; elapsed = 00:01:01 . Memory (MB): peak = 1810.426 ; gain = 151.684

Phase 12 Post Router Timing
INFO: [Route 35-57] Estimated Timing Summary | WNS=-4.484 | TNS=-1184.639| WHS=0.102  | THS=0.000  |

WARNING: [Route 35-328] Router estimated timing not met.
Resolution: For a complete and accurate timing signoff, report_timing_summary must be run after route_design. Alternatively, route_design can be run with the -timing_summary option to enable a complete timing signoff at the end of route_design.
Phase 12 Post Router Timing | Checksum: 1ed5ed4de

Time (s): cpu = 00:01:16 ; elapsed = 00:01:01 . Memory (MB): peak = 1810.426 ; gain = 151.684
Total Elapsed time in route_design: 61.126 secs

Phase 13 Post-Route Event Processing
Phase 13 Post-Route Event Processing | Checksum: 18a7164b4

Time (s): cpu = 00:01:16 ; elapsed = 00:01:01 . Memory (MB): peak = 1810.426 ; gain = 151.684
INFO: [Route 35-16] Router Completed Successfully
Ending Routing Task | Checksum: 18a7164b4

Time (s): cpu = 00:01:16 ; elapsed = 00:01:01 . Memory (MB): peak = 1810.426 ; gain = 151.684

Routing Is Done.
INFO: [Common 17-83] Releasing license: Implementation
488 Infos, 1 Warnings, 0 Critical Warnings and 0 Errors encountered.
route_design completed successfully
route_design: Time (s): cpu = 00:01:18 ; elapsed = 00:01:02 . Memory (MB): peak = 1810.426 ; gain = 164.082
INFO: [Vivado 12-24828] Executing command : report_drc -file alchitry_top_drc_routed.rpt -pb alchitry_top_drc_routed.pb -rpx alchitry_top_drc_routed.rpx
Command: report_drc -file alchitry_top_drc_routed.rpt -pb alchitry_top_drc_routed.pb -rpx alchitry_top_drc_routed.rpx
INFO: [IP_Flow 19-1839] IP Catalog is up to date.
INFO: [DRC 23-27] Running DRC with 2 threads
INFO: [Vivado_Tcl 2-168] The results of DRC are in file C:/Users/Giant/Desktop/fpga-game/build/vivado/1D_Project.runs/impl_1/alchitry_top_drc_routed.rpt.
report_drc completed successfully
report_drc: Time (s): cpu = 00:00:11 ; elapsed = 00:00:06 . Memory (MB): peak = 1813.586 ; gain = 3.160
INFO: [Vivado 12-24828] Executing command : report_methodology -file alchitry_top_methodology_drc_routed.rpt -pb alchitry_top_methodology_drc_routed.pb -rpx alchitry_top_methodology_drc_routed.rpx
Command: report_methodology -file alchitry_top_methodology_drc_routed.rpt -pb alchitry_top_methodology_drc_routed.pb -rpx alchitry_top_methodology_drc_routed.rpx
INFO: [Timing 38-35] Done setting XDC timing constraints.
INFO: [DRC 23-133] Running Methodology with 2 threads
INFO: [Vivado_Tcl 2-1520] The results of Report Methodology are in file C:/Users/Giant/Desktop/fpga-game/build/vivado/1D_Project.runs/impl_1/alchitry_top_methodology_drc_routed.rpt.
report_methodology completed successfully
report_methodology: Time (s): cpu = 00:00:11 ; elapsed = 00:00:06 . Memory (MB): peak = 1840.527 ; gain = 26.941
INFO: [Vivado 12-24828] Executing command : report_timing_summary -max_paths 10 -report_unconstrained -file alchitry_top_timing_summary_routed.rpt -pb alchitry_top_timing_summary_routed.pb -rpx alchitry_top_timing_summary_routed.rpx -warn_on_violation 
INFO: [Timing 38-35] Done setting XDC timing constraints.
INFO: [Timing 38-91] UpdateTimingParams: Speed grade: -1, Delay Type: min_max.
INFO: [Timing 38-191] Multithreading enabled for timing update using a maximum of 2 CPUs
CRITICAL WARNING: [Timing 38-282] The design failed to meet the timing requirements. Please see the timing summary report for details on the timing violations.
INFO: [Vivado 12-24838] Running report commands "report_incremental_reuse, report_route_status" in parallel.
Running report generation with 2 threads.
INFO: [Vivado 12-24828] Executing command : report_route_status -file alchitry_top_route_status.rpt -pb alchitry_top_route_status.pb
INFO: [Vivado 12-24828] Executing command : report_incremental_reuse -file alchitry_top_incremental_reuse_routed.rpt
INFO: [Vivado_Tcl 4-1062] Incremental flow is disabled. No incremental reuse Info to report.
INFO: [Vivado 12-24828] Executing command : report_power -file alchitry_top_power_routed.rpt -pb alchitry_top_power_summary_routed.pb -rpx alchitry_top_power_routed.rpx
Command: report_power -file alchitry_top_power_routed.rpt -pb alchitry_top_power_summary_routed.pb -rpx alchitry_top_power_routed.rpx
Running Vector-less Activity Propagation...

Finished Running Vector-less Activity Propagation
WARNING: [Power 33-332] Found switching activity that implies high-fanout reset nets being asserted for excessive periods of time which may result in inaccurate power analysis.
Resolution: To review and fix problems, please run Power Constraints Advisor in the GUI from Tools > Power Constraints Advisor or run report_power with the -advisory option to generate a text report.
505 Infos, 2 Warnings, 1 Critical Warnings and 0 Errors encountered.
report_power completed successfully
INFO: [Vivado 12-24828] Executing command : report_clock_utilization -file alchitry_top_clock_utilization_routed.rpt
INFO: [Vivado 12-24828] Executing command : report_bus_skew -warn_on_violation -file alchitry_top_bus_skew_routed.rpt -pb alchitry_top_bus_skew_routed.pb -rpx alchitry_top_bus_skew_routed.rpx
INFO: [Timing 38-91] UpdateTimingParams: Speed grade: -1, Delay Type: min_max.
INFO: [Timing 38-191] Multithreading enabled for timing update using a maximum of 2 CPUs
generate_parallel_reports: Time (s): cpu = 00:00:25 ; elapsed = 00:00:14 . Memory (MB): peak = 1847.480 ; gain = 37.055
INFO: [Timing 38-480] Writing timing data to binary archive.
Write ShapeDB Complete: Time (s): cpu = 00:00:00 ; elapsed = 00:00:00.005 . Memory (MB): peak = 1847.480 ; gain = 0.000
Wrote PlaceDB: Time (s): cpu = 00:00:00 ; elapsed = 00:00:00.215 . Memory (MB): peak = 1847.480 ; gain = 0.000
Wrote PulsedLatchDB: Time (s): cpu = 00:00:00 ; elapsed = 00:00:00 . Memory (MB): peak = 1847.480 ; gain = 0.000
Writing XDEF routing.
Writing XDEF routing logical nets.
Writing XDEF routing special nets.
Wrote RouteStorage: Time (s): cpu = 00:00:00 ; elapsed = 00:00:00.057 . Memory (MB): peak = 1847.480 ; gain = 0.000
Wrote Netlist Cache: Time (s): cpu = 00:00:00 ; elapsed = 00:00:00.007 . Memory (MB): peak = 1847.480 ; gain = 0.000
Wrote Device Cache: Time (s): cpu = 00:00:00 ; elapsed = 00:00:00.016 . Memory (MB): peak = 1847.480 ; gain = 0.000
Write Physdb Complete: Time (s): cpu = 00:00:00 ; elapsed = 00:00:00.310 . Memory (MB): peak = 1847.480 ; gain = 0.000
INFO: [Common 17-1381] The checkpoint 'C:/Users/Giant/Desktop/fpga-game/build/vivado/1D_Project.runs/impl_1/alchitry_top_routed.dcp' has been generated.
Command: write_bitstream -force alchitry_top.bit -bin_file
Attempting to get a license for feature 'Implementation' and/or device 'xc7a35t'
INFO: [Common 17-349] Got license for feature 'Implementation' and/or device 'xc7a35t'
Running DRC as a precondition to command write_bitstream
INFO: [IP_Flow 19-1839] IP Catalog is up to date.
INFO: [DRC 23-27] Running DRC with 2 threads
INFO: [Vivado 12-3199] DRC finished with 0 Errors
INFO: [Vivado 12-3200] Please refer to the DRC report (report_drc) for more information.
INFO: [Designutils 20-2272] Running write_bitstream with 2 threads.
Loading data files...
Loading site data...
Loading route data...
Processing options...
Creating bitmap...
Creating bitstream...
Bitstream compression saved 12032672 bits.
Writing bitstream ./alchitry_top.bit...
Writing bitstream ./alchitry_top.bin...
INFO: [Vivado 12-1842] Bitgen Completed Successfully.
INFO: [Project 1-1876] WebTalk data collection is mandatory when using a ULT device. To see the specific WebTalk data collected for your design, open the usage_statistics_webtalk.html or usage_statistics_webtalk.xml file in the implementation directory.
INFO: [Common 17-83] Releasing license: Implementation
520 Infos, 2 Warnings, 1 Critical Warnings and 0 Errors encountered.
write_bitstream completed successfully
write_bitstream: Time (s): cpu = 00:00:29 ; elapsed = 00:00:21 . Memory (MB): peak = 2331.074 ; gain = 483.594
INFO: [Common 17-206] Exiting Vivado at Tue Apr 15 20:10:31 2025...
